@!@!@STARTMSG 2262:0 @!@!@
TLC2 Version 2.18 of Day Month 20?? (rev: f4d8c3d)
@!@!@ENDMSG 2262 @!@!@
@!@!@STARTMSG 2187:0 @!@!@
Running breadth-first search Model-Checking with fp 33 and seed -7804930813115019188 with 2 workers on 4 cores with 1177MB heap and 2645MB offheap memory [pid: 16387] (Linux 5.13.0-39-generic amd64, AdoptOpenJDK 14.0.1 x86_64, OffHeapDiskFPSet, DiskStateQueue).
@!@!@ENDMSG 2187 @!@!@
@!@!@STARTMSG 2220:0 @!@!@
Starting SANY...
@!@!@ENDMSG 2220 @!@!@
Parsing file /home/andrea/Desktop/assignment01/tla/macro.toolbox/Model_1/MC.tla
Parsing file /home/andrea/Desktop/assignment01/tla/macro.toolbox/Model_1/macro.tla
Parsing file /opt/TLA+Toolbox/plugins/org.lamport.tlatools_1.0.0.202203041950/tla2sany/StandardModules/TLC.tla
Parsing file /opt/TLA+Toolbox/plugins/org.lamport.tlatools_1.0.0.202203041950/tla2sany/StandardModules/Sequences.tla
Parsing file /opt/TLA+Toolbox/plugins/org.lamport.tlatools_1.0.0.202203041950/tla2sany/StandardModules/Integers.tla
Parsing file /opt/TLA+Toolbox/plugins/org.lamport.tlatools_1.0.0.202203041950/tla2sany/StandardModules/FiniteSets.tla
Parsing file /opt/TLA+Toolbox/plugins/org.lamport.tlatools_1.0.0.202203041950/tla2sany/StandardModules/Naturals.tla
Parsing file /home/andrea/Desktop/assignment01/tla/macro.toolbox/Model_1/PT.tla
Semantic processing of module Naturals
Semantic processing of module Sequences
Semantic processing of module FiniteSets
Semantic processing of module TLC
Semantic processing of module Integers
Semantic processing of module PT
Semantic processing of module macro
Semantic processing of module MC
@!@!@STARTMSG 2219:0 @!@!@
SANY finished.
@!@!@ENDMSG 2219 @!@!@
@!@!@STARTMSG 2185:0 @!@!@
Starting... (2022-04-05 23:48:26)
@!@!@ENDMSG 2185 @!@!@
@!@!@STARTMSG 2212:0 @!@!@
Implied-temporal checking--satisfiability problem has 2 branches.
@!@!@ENDMSG 2212 @!@!@
@!@!@STARTMSG 2189:0 @!@!@
Computing initial states...
@!@!@ENDMSG 2189 @!@!@
@!@!@STARTMSG 2190:0 @!@!@
Finished computing initial states: 1 distinct state generated at 2022-04-05 23:48:27.
@!@!@ENDMSG 2190 @!@!@
@!@!@STARTMSG 2114:1 @!@!@
Deadlock reached.
@!@!@ENDMSG 2114 @!@!@
@!@!@STARTMSG 2121:1 @!@!@
The behavior up to this point is:
@!@!@ENDMSG 2121 @!@!@
@!@!@STARTMSG 2217:4 @!@!@
1: <Initial predicate>
/\ posBarrier = [worker1 |-> FALSE, worker2 |-> FALSE]
/\ nWorkers = 2
/\ iterationsDone = 0
/\ bodies = <<1, 1, 1, 1>>
/\ pc = [master |-> "ScheduleWork", worker1 |-> "MainLoop", worker2 |-> "MainLoop"]
/\ simulation = [iterations |-> 2, nBodies |-> 4, completed |-> FALSE]
/\ currentIteration = 0
/\ jobs = [worker1 |-> <<>>, worker2 |-> <<>>]
/\ bodyIndex = [worker1 |-> 1, worker2 |-> 1]

@!@!@ENDMSG 2217 @!@!@
@!@!@STARTMSG 2217:4 @!@!@
2: <MainLoop line 141, col 19 to line 147, col 46 of module macro>
/\ posBarrier = [worker1 |-> FALSE, worker2 |-> FALSE]
/\ nWorkers = 2
/\ iterationsDone = 0
/\ bodies = <<1, 1, 1, 1>>
/\ pc = [ master |-> "ScheduleWork",
  worker1 |-> "CalculateForceAndAcceleration",
  worker2 |-> "MainLoop" ]
/\ simulation = [iterations |-> 2, nBodies |-> 4, completed |-> FALSE]
/\ currentIteration = 0
/\ jobs = [worker1 |-> <<>>, worker2 |-> <<>>]
/\ bodyIndex = [worker1 |-> 1, worker2 |-> 1]

@!@!@ENDMSG 2217 @!@!@
@!@!@STARTMSG 2217:4 @!@!@
3: <ScheduleWork line 96, col 17 to line 101, col 44 of module macro>
/\ posBarrier = [worker1 |-> FALSE, worker2 |-> FALSE]
/\ nWorkers = 2
/\ iterationsDone = 0
/\ bodies = <<1, 1, 1, 1>>
/\ pc = [ master |-> "SimulationCicle",
  worker1 |-> "CalculateForceAndAcceleration",
  worker2 |-> "MainLoop" ]
/\ simulation = [iterations |-> 2, nBodies |-> 4, completed |-> FALSE]
/\ currentIteration = 0
/\ jobs = [worker1 |-> <<>>, worker2 |-> <<>>]
/\ bodyIndex = [worker1 |-> 1, worker2 |-> 1]

@!@!@ENDMSG 2217 @!@!@
@!@!@STARTMSG 2217:4 @!@!@
4: <SimulationCicle line 103, col 20 to line 109, col 47 of module macro>
/\ posBarrier = [worker1 |-> FALSE, worker2 |-> FALSE]
/\ nWorkers = 2
/\ iterationsDone = 0
/\ bodies = <<1, 1, 1, 1>>
/\ pc = [ master |-> "AwaitComputation",
  worker1 |-> "CalculateForceAndAcceleration",
  worker2 |-> "MainLoop" ]
/\ simulation = [iterations |-> 2, nBodies |-> 4, completed |-> FALSE]
/\ currentIteration = 0
/\ jobs = [worker1 |-> <<>>, worker2 |-> <<>>]
/\ bodyIndex = [worker1 |-> 1, worker2 |-> 1]

@!@!@ENDMSG 2217 @!@!@
@!@!@STARTMSG 2217:4 @!@!@
5: <AwaitComputation line 111, col 21 to line 116, col 48 of module macro>
/\ posBarrier = [worker1 |-> FALSE, worker2 |-> FALSE]
/\ nWorkers = 2
/\ iterationsDone = 0
/\ bodies = <<1, 1, 1, 1>>
/\ pc = [ master |-> "ProcessLocal",
  worker1 |-> "CalculateForceAndAcceleration",
  worker2 |-> "MainLoop" ]
/\ simulation = [iterations |-> 2, nBodies |-> 4, completed |-> FALSE]
/\ currentIteration = 0
/\ jobs = [worker1 |-> <<>>, worker2 |-> <<>>]
/\ bodyIndex = [worker1 |-> 1, worker2 |-> 1]

@!@!@ENDMSG 2217 @!@!@
@!@!@STARTMSG 2217:4 @!@!@
6: <ProcessLocal line 118, col 17 to line 122, col 66 of module macro>
/\ posBarrier = [worker1 |-> FALSE, worker2 |-> FALSE]
/\ nWorkers = 2
/\ iterationsDone = 0
/\ bodies = <<1, 1, 1, 1>>
/\ pc = [ master |-> "OkPos",
  worker1 |-> "CalculateForceAndAcceleration",
  worker2 |-> "MainLoop" ]
/\ simulation = [iterations |-> 2, nBodies |-> 4, completed |-> FALSE]
/\ currentIteration = 1
/\ jobs = [worker1 |-> <<>>, worker2 |-> <<>>]
/\ bodyIndex = [worker1 |-> 1, worker2 |-> 1]

@!@!@ENDMSG 2217 @!@!@
@!@!@STARTMSG 2217:4 @!@!@
7: <CalculateForceAndAcceleration line 149, col 40 to line 157, col 67 of module macro>
/\ posBarrier = [worker1 |-> FALSE, worker2 |-> FALSE]
/\ nWorkers = 2
/\ iterationsDone = 0
/\ bodies = <<1, 1, 1, 1>>
/\ pc = [master |-> "OkPos", worker1 |-> "AwaitForces", worker2 |-> "MainLoop"]
/\ simulation = [iterations |-> 2, nBodies |-> 4, completed |-> FALSE]
/\ currentIteration = 1
/\ jobs = [worker1 |-> <<>>, worker2 |-> <<>>]
/\ bodyIndex = [worker1 |-> 1, worker2 |-> 1]

@!@!@ENDMSG 2217 @!@!@
@!@!@STARTMSG 2217:4 @!@!@
8: <AwaitForces line 159, col 22 to line 164, col 49 of module macro>
/\ posBarrier = [worker1 |-> FALSE, worker2 |-> FALSE]
/\ nWorkers = 2
/\ iterationsDone = 0
/\ bodies = <<1, 1, 1, 1>>
/\ pc = [master |-> "OkPos", worker1 |-> "CalculatePositions", worker2 |-> "MainLoop"]
/\ simulation = [iterations |-> 2, nBodies |-> 4, completed |-> FALSE]
/\ currentIteration = 1
/\ jobs = [worker1 |-> <<>>, worker2 |-> <<>>]
/\ bodyIndex = [worker1 |-> 1, worker2 |-> 1]

@!@!@ENDMSG 2217 @!@!@
@!@!@STARTMSG 2217:4 @!@!@
9: <CalculatePositions line 166, col 29 to line 171, col 74 of module macro>
/\ posBarrier = [worker1 |-> FALSE, worker2 |-> FALSE]
/\ nWorkers = 2
/\ iterationsDone = 0
/\ bodies = <<1, 1, 1, 1>>
/\ pc = [master |-> "OkPos", worker1 |-> "NotifyMaster", worker2 |-> "MainLoop"]
/\ simulation = [iterations |-> 2, nBodies |-> 4, completed |-> FALSE]
/\ currentIteration = 1
/\ jobs = [worker1 |-> <<>>, worker2 |-> <<>>]
/\ bodyIndex = [worker1 |-> 1, worker2 |-> 1]

@!@!@ENDMSG 2217 @!@!@
@!@!@STARTMSG 2217:4 @!@!@
10: <NotifyMaster line 173, col 23 to line 178, col 78 of module macro>
/\ posBarrier = [worker1 |-> TRUE, worker2 |-> FALSE]
/\ nWorkers = 2
/\ iterationsDone = 0
/\ bodies = <<1, 1, 1, 1>>
/\ pc = [master |-> "OkPos", worker1 |-> "AwaitPosConsistency", worker2 |-> "MainLoop"]
/\ simulation = [iterations |-> 2, nBodies |-> 4, completed |-> FALSE]
/\ currentIteration = 1
/\ jobs = [worker1 |-> <<>>, worker2 |-> <<>>]
/\ bodyIndex = [worker1 |-> 1, worker2 |-> 1]

@!@!@ENDMSG 2217 @!@!@
@!@!@STARTMSG 2217:4 @!@!@
11: <MainLoop line 141, col 19 to line 147, col 46 of module macro>
/\ posBarrier = [worker1 |-> TRUE, worker2 |-> FALSE]
/\ nWorkers = 2
/\ iterationsDone = 0
/\ bodies = <<1, 1, 1, 1>>
/\ pc = [ master |-> "OkPos",
  worker1 |-> "AwaitPosConsistency",
  worker2 |-> "CalculateForceAndAcceleration" ]
/\ simulation = [iterations |-> 2, nBodies |-> 4, completed |-> FALSE]
/\ currentIteration = 1
/\ jobs = [worker1 |-> <<>>, worker2 |-> <<>>]
/\ bodyIndex = [worker1 |-> 1, worker2 |-> 1]

@!@!@ENDMSG 2217 @!@!@
@!@!@STARTMSG 2217:4 @!@!@
12: <CalculateForceAndAcceleration line 149, col 40 to line 157, col 67 of module macro>
/\ posBarrier = [worker1 |-> TRUE, worker2 |-> FALSE]
/\ nWorkers = 2
/\ iterationsDone = 0
/\ bodies = <<1, 1, 1, 1>>
/\ pc = [ master |-> "OkPos",
  worker1 |-> "AwaitPosConsistency",
  worker2 |-> "AwaitForces" ]
/\ simulation = [iterations |-> 2, nBodies |-> 4, completed |-> FALSE]
/\ currentIteration = 1
/\ jobs = [worker1 |-> <<>>, worker2 |-> <<>>]
/\ bodyIndex = [worker1 |-> 1, worker2 |-> 1]

@!@!@ENDMSG 2217 @!@!@
@!@!@STARTMSG 2217:4 @!@!@
13: <AwaitForces line 159, col 22 to line 164, col 49 of module macro>
/\ posBarrier = [worker1 |-> TRUE, worker2 |-> FALSE]
/\ nWorkers = 2
/\ iterationsDone = 0
/\ bodies = <<1, 1, 1, 1>>
/\ pc = [ master |-> "OkPos",
  worker1 |-> "AwaitPosConsistency",
  worker2 |-> "CalculatePositions" ]
/\ simulation = [iterations |-> 2, nBodies |-> 4, completed |-> FALSE]
/\ currentIteration = 1
/\ jobs = [worker1 |-> <<>>, worker2 |-> <<>>]
/\ bodyIndex = [worker1 |-> 1, worker2 |-> 1]

@!@!@ENDMSG 2217 @!@!@
@!@!@STARTMSG 2217:4 @!@!@
14: <CalculatePositions line 166, col 29 to line 171, col 74 of module macro>
/\ posBarrier = [worker1 |-> TRUE, worker2 |-> FALSE]
/\ nWorkers = 2
/\ iterationsDone = 0
/\ bodies = <<1, 1, 1, 1>>
/\ pc = [ master |-> "OkPos",
  worker1 |-> "AwaitPosConsistency",
  worker2 |-> "NotifyMaster" ]
/\ simulation = [iterations |-> 2, nBodies |-> 4, completed |-> FALSE]
/\ currentIteration = 1
/\ jobs = [worker1 |-> <<>>, worker2 |-> <<>>]
/\ bodyIndex = [worker1 |-> 1, worker2 |-> 1]

@!@!@ENDMSG 2217 @!@!@
@!@!@STARTMSG 2217:4 @!@!@
15: <NotifyMaster line 173, col 23 to line 178, col 78 of module macro>
/\ posBarrier = [worker1 |-> TRUE, worker2 |-> TRUE]
/\ nWorkers = 2
/\ iterationsDone = 0
/\ bodies = <<1, 1, 1, 1>>
/\ pc = [ master |-> "OkPos",
  worker1 |-> "AwaitPosConsistency",
  worker2 |-> "AwaitPosConsistency" ]
/\ simulation = [iterations |-> 2, nBodies |-> 4, completed |-> FALSE]
/\ currentIteration = 1
/\ jobs = [worker1 |-> <<>>, worker2 |-> <<>>]
/\ bodyIndex = [worker1 |-> 1, worker2 |-> 1]

@!@!@ENDMSG 2217 @!@!@
@!@!@STARTMSG 2217:4 @!@!@
16: <OkPos line 124, col 10 to line 129, col 55 of module macro>
/\ posBarrier = [worker1 |-> FALSE, worker2 |-> FALSE]
/\ nWorkers = 2
/\ iterationsDone = 0
/\ bodies = <<1, 1, 1, 1>>
/\ pc = [ master |-> "SimulationCicle",
  worker1 |-> "AwaitPosConsistency",
  worker2 |-> "AwaitPosConsistency" ]
/\ simulation = [iterations |-> 2, nBodies |-> 4, completed |-> FALSE]
/\ currentIteration = 1
/\ jobs = [worker1 |-> <<>>, worker2 |-> <<>>]
/\ bodyIndex = [worker1 |-> 1, worker2 |-> 1]

@!@!@ENDMSG 2217 @!@!@
@!@!@STARTMSG 2217:4 @!@!@
17: <SimulationCicle line 103, col 20 to line 109, col 47 of module macro>
/\ posBarrier = [worker1 |-> FALSE, worker2 |-> FALSE]
/\ nWorkers = 2
/\ iterationsDone = 0
/\ bodies = <<1, 1, 1, 1>>
/\ pc = [ master |-> "AwaitComputation",
  worker1 |-> "AwaitPosConsistency",
  worker2 |-> "AwaitPosConsistency" ]
/\ simulation = [iterations |-> 2, nBodies |-> 4, completed |-> FALSE]
/\ currentIteration = 1
/\ jobs = [worker1 |-> <<>>, worker2 |-> <<>>]
/\ bodyIndex = [worker1 |-> 1, worker2 |-> 1]

@!@!@ENDMSG 2217 @!@!@
@!@!@STARTMSG 2217:4 @!@!@
18: <AwaitComputation line 111, col 21 to line 116, col 48 of module macro>
/\ posBarrier = [worker1 |-> FALSE, worker2 |-> FALSE]
/\ nWorkers = 2
/\ iterationsDone = 0
/\ bodies = <<1, 1, 1, 1>>
/\ pc = [ master |-> "ProcessLocal",
  worker1 |-> "AwaitPosConsistency",
  worker2 |-> "AwaitPosConsistency" ]
/\ simulation = [iterations |-> 2, nBodies |-> 4, completed |-> FALSE]
/\ currentIteration = 1
/\ jobs = [worker1 |-> <<>>, worker2 |-> <<>>]
/\ bodyIndex = [worker1 |-> 1, worker2 |-> 1]

@!@!@ENDMSG 2217 @!@!@
@!@!@STARTMSG 2217:4 @!@!@
19: <ProcessLocal line 118, col 17 to line 122, col 66 of module macro>
/\ posBarrier = [worker1 |-> FALSE, worker2 |-> FALSE]
/\ nWorkers = 2
/\ iterationsDone = 0
/\ bodies = <<1, 1, 1, 1>>
/\ pc = [ master |-> "OkPos",
  worker1 |-> "AwaitPosConsistency",
  worker2 |-> "AwaitPosConsistency" ]
/\ simulation = [iterations |-> 2, nBodies |-> 4, completed |-> FALSE]
/\ currentIteration = 2
/\ jobs = [worker1 |-> <<>>, worker2 |-> <<>>]
/\ bodyIndex = [worker1 |-> 1, worker2 |-> 1]

@!@!@ENDMSG 2217 @!@!@
@!@!@STARTMSG 2217:4 @!@!@
20: <AwaitPosConsistency line 180, col 30 to line 186, col 57 of module macro>
/\ posBarrier = [worker1 |-> FALSE, worker2 |-> FALSE]
/\ nWorkers = 2
/\ iterationsDone = 0
/\ bodies = <<1, 1, 1, 1>>
/\ pc = [master |-> "OkPos", worker1 |-> "MainLoop", worker2 |-> "AwaitPosConsistency"]
/\ simulation = [iterations |-> 2, nBodies |-> 4, completed |-> FALSE]
/\ currentIteration = 2
/\ jobs = [worker1 |-> <<>>, worker2 |-> <<>>]
/\ bodyIndex = [worker1 |-> 1, worker2 |-> 1]

@!@!@ENDMSG 2217 @!@!@
@!@!@STARTMSG 2217:4 @!@!@
21: <MainLoop line 141, col 19 to line 147, col 46 of module macro>
/\ posBarrier = [worker1 |-> FALSE, worker2 |-> FALSE]
/\ nWorkers = 2
/\ iterationsDone = 0
/\ bodies = <<1, 1, 1, 1>>
/\ pc = [ master |-> "OkPos",
  worker1 |-> "CalculateForceAndAcceleration",
  worker2 |-> "AwaitPosConsistency" ]
/\ simulation = [iterations |-> 2, nBodies |-> 4, completed |-> FALSE]
/\ currentIteration = 2
/\ jobs = [worker1 |-> <<>>, worker2 |-> <<>>]
/\ bodyIndex = [worker1 |-> 1, worker2 |-> 1]

@!@!@ENDMSG 2217 @!@!@
@!@!@STARTMSG 2217:4 @!@!@
22: <CalculateForceAndAcceleration line 149, col 40 to line 157, col 67 of module macro>
/\ posBarrier = [worker1 |-> FALSE, worker2 |-> FALSE]
/\ nWorkers = 2
/\ iterationsDone = 0
/\ bodies = <<1, 1, 1, 1>>
/\ pc = [ master |-> "OkPos",
  worker1 |-> "AwaitForces",
  worker2 |-> "AwaitPosConsistency" ]
/\ simulation = [iterations |-> 2, nBodies |-> 4, completed |-> FALSE]
/\ currentIteration = 2
/\ jobs = [worker1 |-> <<>>, worker2 |-> <<>>]
/\ bodyIndex = [worker1 |-> 1, worker2 |-> 1]

@!@!@ENDMSG 2217 @!@!@
@!@!@STARTMSG 2217:4 @!@!@
23: <AwaitForces line 159, col 22 to line 164, col 49 of module macro>
/\ posBarrier = [worker1 |-> FALSE, worker2 |-> FALSE]
/\ nWorkers = 2
/\ iterationsDone = 0
/\ bodies = <<1, 1, 1, 1>>
/\ pc = [ master |-> "OkPos",
  worker1 |-> "CalculatePositions",
  worker2 |-> "AwaitPosConsistency" ]
/\ simulation = [iterations |-> 2, nBodies |-> 4, completed |-> FALSE]
/\ currentIteration = 2
/\ jobs = [worker1 |-> <<>>, worker2 |-> <<>>]
/\ bodyIndex = [worker1 |-> 1, worker2 |-> 1]

@!@!@ENDMSG 2217 @!@!@
@!@!@STARTMSG 2217:4 @!@!@
24: <CalculatePositions line 166, col 29 to line 171, col 74 of module macro>
/\ posBarrier = [worker1 |-> FALSE, worker2 |-> FALSE]
/\ nWorkers = 2
/\ iterationsDone = 0
/\ bodies = <<1, 1, 1, 1>>
/\ pc = [ master |-> "OkPos",
  worker1 |-> "NotifyMaster",
  worker2 |-> "AwaitPosConsistency" ]
/\ simulation = [iterations |-> 2, nBodies |-> 4, completed |-> FALSE]
/\ currentIteration = 2
/\ jobs = [worker1 |-> <<>>, worker2 |-> <<>>]
/\ bodyIndex = [worker1 |-> 1, worker2 |-> 1]

@!@!@ENDMSG 2217 @!@!@
@!@!@STARTMSG 2217:4 @!@!@
25: <NotifyMaster line 173, col 23 to line 178, col 78 of module macro>
/\ posBarrier = [worker1 |-> TRUE, worker2 |-> FALSE]
/\ nWorkers = 2
/\ iterationsDone = 0
/\ bodies = <<1, 1, 1, 1>>
/\ pc = [ master |-> "OkPos",
  worker1 |-> "AwaitPosConsistency",
  worker2 |-> "AwaitPosConsistency" ]
/\ simulation = [iterations |-> 2, nBodies |-> 4, completed |-> FALSE]
/\ currentIteration = 2
/\ jobs = [worker1 |-> <<>>, worker2 |-> <<>>]
/\ bodyIndex = [worker1 |-> 1, worker2 |-> 1]

@!@!@ENDMSG 2217 @!@!@
@!@!@STARTMSG 2217:4 @!@!@
26: <AwaitPosConsistency line 180, col 30 to line 186, col 57 of module macro>
/\ posBarrier = [worker1 |-> TRUE, worker2 |-> FALSE]
/\ nWorkers = 2
/\ iterationsDone = 0
/\ bodies = <<1, 1, 1, 1>>
/\ pc = [master |-> "OkPos", worker1 |-> "AwaitPosConsistency", worker2 |-> "MainLoop"]
/\ simulation = [iterations |-> 2, nBodies |-> 4, completed |-> FALSE]
/\ currentIteration = 2
/\ jobs = [worker1 |-> <<>>, worker2 |-> <<>>]
/\ bodyIndex = [worker1 |-> 1, worker2 |-> 1]

@!@!@ENDMSG 2217 @!@!@
@!@!@STARTMSG 2217:4 @!@!@
27: <MainLoop line 141, col 19 to line 147, col 46 of module macro>
/\ posBarrier = [worker1 |-> TRUE, worker2 |-> FALSE]
/\ nWorkers = 2
/\ iterationsDone = 0
/\ bodies = <<1, 1, 1, 1>>
/\ pc = [ master |-> "OkPos",
  worker1 |-> "AwaitPosConsistency",
  worker2 |-> "CalculateForceAndAcceleration" ]
/\ simulation = [iterations |-> 2, nBodies |-> 4, completed |-> FALSE]
/\ currentIteration = 2
/\ jobs = [worker1 |-> <<>>, worker2 |-> <<>>]
/\ bodyIndex = [worker1 |-> 1, worker2 |-> 1]

@!@!@ENDMSG 2217 @!@!@
@!@!@STARTMSG 2217:4 @!@!@
28: <CalculateForceAndAcceleration line 149, col 40 to line 157, col 67 of module macro>
/\ posBarrier = [worker1 |-> TRUE, worker2 |-> FALSE]
/\ nWorkers = 2
/\ iterationsDone = 0
/\ bodies = <<1, 1, 1, 1>>
/\ pc = [ master |-> "OkPos",
  worker1 |-> "AwaitPosConsistency",
  worker2 |-> "AwaitForces" ]
/\ simulation = [iterations |-> 2, nBodies |-> 4, completed |-> FALSE]
/\ currentIteration = 2
/\ jobs = [worker1 |-> <<>>, worker2 |-> <<>>]
/\ bodyIndex = [worker1 |-> 1, worker2 |-> 1]

@!@!@ENDMSG 2217 @!@!@
@!@!@STARTMSG 2217:4 @!@!@
29: <AwaitForces line 159, col 22 to line 164, col 49 of module macro>
/\ posBarrier = [worker1 |-> TRUE, worker2 |-> FALSE]
/\ nWorkers = 2
/\ iterationsDone = 0
/\ bodies = <<1, 1, 1, 1>>
/\ pc = [ master |-> "OkPos",
  worker1 |-> "AwaitPosConsistency",
  worker2 |-> "CalculatePositions" ]
/\ simulation = [iterations |-> 2, nBodies |-> 4, completed |-> FALSE]
/\ currentIteration = 2
/\ jobs = [worker1 |-> <<>>, worker2 |-> <<>>]
/\ bodyIndex = [worker1 |-> 1, worker2 |-> 1]

@!@!@ENDMSG 2217 @!@!@
@!@!@STARTMSG 2217:4 @!@!@
30: <CalculatePositions line 166, col 29 to line 171, col 74 of module macro>
/\ posBarrier = [worker1 |-> TRUE, worker2 |-> FALSE]
/\ nWorkers = 2
/\ iterationsDone = 0
/\ bodies = <<1, 1, 1, 1>>
/\ pc = [ master |-> "OkPos",
  worker1 |-> "AwaitPosConsistency",
  worker2 |-> "NotifyMaster" ]
/\ simulation = [iterations |-> 2, nBodies |-> 4, completed |-> FALSE]
/\ currentIteration = 2
/\ jobs = [worker1 |-> <<>>, worker2 |-> <<>>]
/\ bodyIndex = [worker1 |-> 1, worker2 |-> 1]

@!@!@ENDMSG 2217 @!@!@
@!@!@STARTMSG 2217:4 @!@!@
31: <NotifyMaster line 173, col 23 to line 178, col 78 of module macro>
/\ posBarrier = [worker1 |-> TRUE, worker2 |-> TRUE]
/\ nWorkers = 2
/\ iterationsDone = 0
/\ bodies = <<1, 1, 1, 1>>
/\ pc = [ master |-> "OkPos",
  worker1 |-> "AwaitPosConsistency",
  worker2 |-> "AwaitPosConsistency" ]
/\ simulation = [iterations |-> 2, nBodies |-> 4, completed |-> FALSE]
/\ currentIteration = 2
/\ jobs = [worker1 |-> <<>>, worker2 |-> <<>>]
/\ bodyIndex = [worker1 |-> 1, worker2 |-> 1]

@!@!@ENDMSG 2217 @!@!@
@!@!@STARTMSG 2217:4 @!@!@
32: <OkPos line 124, col 10 to line 129, col 55 of module macro>
/\ posBarrier = [worker1 |-> FALSE, worker2 |-> FALSE]
/\ nWorkers = 2
/\ iterationsDone = 0
/\ bodies = <<1, 1, 1, 1>>
/\ pc = [ master |-> "SimulationCicle",
  worker1 |-> "AwaitPosConsistency",
  worker2 |-> "AwaitPosConsistency" ]
/\ simulation = [iterations |-> 2, nBodies |-> 4, completed |-> FALSE]
/\ currentIteration = 2
/\ jobs = [worker1 |-> <<>>, worker2 |-> <<>>]
/\ bodyIndex = [worker1 |-> 1, worker2 |-> 1]

@!@!@ENDMSG 2217 @!@!@
@!@!@STARTMSG 2217:4 @!@!@
33: <SimulationCicle line 103, col 20 to line 109, col 47 of module macro>
/\ posBarrier = [worker1 |-> FALSE, worker2 |-> FALSE]
/\ nWorkers = 2
/\ iterationsDone = 0
/\ bodies = <<1, 1, 1, 1>>
/\ pc = [ master |-> "Process",
  worker1 |-> "AwaitPosConsistency",
  worker2 |-> "AwaitPosConsistency" ]
/\ simulation = [iterations |-> 2, nBodies |-> 4, completed |-> FALSE]
/\ currentIteration = 2
/\ jobs = [worker1 |-> <<>>, worker2 |-> <<>>]
/\ bodyIndex = [worker1 |-> 1, worker2 |-> 1]

@!@!@ENDMSG 2217 @!@!@
@!@!@STARTMSG 2217:4 @!@!@
34: <AwaitPosConsistency line 180, col 30 to line 186, col 57 of module macro>
/\ posBarrier = [worker1 |-> FALSE, worker2 |-> FALSE]
/\ nWorkers = 2
/\ iterationsDone = 0
/\ bodies = <<1, 1, 1, 1>>
/\ pc = [ master |-> "Process",
  worker1 |-> "MainLoop",
  worker2 |-> "AwaitPosConsistency" ]
/\ simulation = [iterations |-> 2, nBodies |-> 4, completed |-> FALSE]
/\ currentIteration = 2
/\ jobs = [worker1 |-> <<>>, worker2 |-> <<>>]
/\ bodyIndex = [worker1 |-> 1, worker2 |-> 1]

@!@!@ENDMSG 2217 @!@!@
@!@!@STARTMSG 2217:4 @!@!@
35: <MainLoop line 141, col 19 to line 147, col 46 of module macro>
/\ posBarrier = [worker1 |-> FALSE, worker2 |-> FALSE]
/\ nWorkers = 2
/\ iterationsDone = 0
/\ bodies = <<1, 1, 1, 1>>
/\ pc = [ master |-> "Process",
  worker1 |-> "CalculateForceAndAcceleration",
  worker2 |-> "AwaitPosConsistency" ]
/\ simulation = [iterations |-> 2, nBodies |-> 4, completed |-> FALSE]
/\ currentIteration = 2
/\ jobs = [worker1 |-> <<>>, worker2 |-> <<>>]
/\ bodyIndex = [worker1 |-> 1, worker2 |-> 1]

@!@!@ENDMSG 2217 @!@!@
@!@!@STARTMSG 2217:4 @!@!@
36: <Process line 131, col 12 to line 136, col 57 of module macro>
/\ posBarrier = [worker1 |-> FALSE, worker2 |-> FALSE]
/\ nWorkers = 2
/\ iterationsDone = 2
/\ bodies = <<1, 1, 1, 1>>
/\ pc = [ master |-> "Done",
  worker1 |-> "CalculateForceAndAcceleration",
  worker2 |-> "AwaitPosConsistency" ]
/\ simulation = [iterations |-> 2, nBodies |-> 4, completed |-> TRUE]
/\ currentIteration = 2
/\ jobs = [worker1 |-> <<>>, worker2 |-> <<>>]
/\ bodyIndex = [worker1 |-> 1, worker2 |-> 1]

@!@!@ENDMSG 2217 @!@!@
@!@!@STARTMSG 2217:4 @!@!@
37: <CalculateForceAndAcceleration line 149, col 40 to line 157, col 67 of module macro>
/\ posBarrier = [worker1 |-> FALSE, worker2 |-> FALSE]
/\ nWorkers = 2
/\ iterationsDone = 2
/\ bodies = <<1, 1, 1, 1>>
/\ pc = [ master |-> "Done",
  worker1 |-> "AwaitForces",
  worker2 |-> "AwaitPosConsistency" ]
/\ simulation = [iterations |-> 2, nBodies |-> 4, completed |-> TRUE]
/\ currentIteration = 2
/\ jobs = [worker1 |-> <<>>, worker2 |-> <<>>]
/\ bodyIndex = [worker1 |-> 1, worker2 |-> 1]

@!@!@ENDMSG 2217 @!@!@
@!@!@STARTMSG 2217:4 @!@!@
38: <AwaitForces line 159, col 22 to line 164, col 49 of module macro>
/\ posBarrier = [worker1 |-> FALSE, worker2 |-> FALSE]
/\ nWorkers = 2
/\ iterationsDone = 2
/\ bodies = <<1, 1, 1, 1>>
/\ pc = [ master |-> "Done",
  worker1 |-> "CalculatePositions",
  worker2 |-> "AwaitPosConsistency" ]
/\ simulation = [iterations |-> 2, nBodies |-> 4, completed |-> TRUE]
/\ currentIteration = 2
/\ jobs = [worker1 |-> <<>>, worker2 |-> <<>>]
/\ bodyIndex = [worker1 |-> 1, worker2 |-> 1]

@!@!@ENDMSG 2217 @!@!@
@!@!@STARTMSG 2217:4 @!@!@
39: <CalculatePositions line 166, col 29 to line 171, col 74 of module macro>
/\ posBarrier = [worker1 |-> FALSE, worker2 |-> FALSE]
/\ nWorkers = 2
/\ iterationsDone = 2
/\ bodies = <<1, 1, 1, 1>>
/\ pc = [ master |-> "Done",
  worker1 |-> "NotifyMaster",
  worker2 |-> "AwaitPosConsistency" ]
/\ simulation = [iterations |-> 2, nBodies |-> 4, completed |-> TRUE]
/\ currentIteration = 2
/\ jobs = [worker1 |-> <<>>, worker2 |-> <<>>]
/\ bodyIndex = [worker1 |-> 1, worker2 |-> 1]

@!@!@ENDMSG 2217 @!@!@
@!@!@STARTMSG 2217:4 @!@!@
40: <NotifyMaster line 173, col 23 to line 178, col 78 of module macro>
/\ posBarrier = [worker1 |-> TRUE, worker2 |-> FALSE]
/\ nWorkers = 2
/\ iterationsDone = 2
/\ bodies = <<1, 1, 1, 1>>
/\ pc = [ master |-> "Done",
  worker1 |-> "AwaitPosConsistency",
  worker2 |-> "AwaitPosConsistency" ]
/\ simulation = [iterations |-> 2, nBodies |-> 4, completed |-> TRUE]
/\ currentIteration = 2
/\ jobs = [worker1 |-> <<>>, worker2 |-> <<>>]
/\ bodyIndex = [worker1 |-> 1, worker2 |-> 1]

@!@!@ENDMSG 2217 @!@!@
@!@!@STARTMSG 2217:4 @!@!@
41: <AwaitPosConsistency line 180, col 30 to line 186, col 57 of module macro>
/\ posBarrier = [worker1 |-> TRUE, worker2 |-> FALSE]
/\ nWorkers = 2
/\ iterationsDone = 2
/\ bodies = <<1, 1, 1, 1>>
/\ pc = [master |-> "Done", worker1 |-> "AwaitPosConsistency", worker2 |-> "MainLoop"]
/\ simulation = [iterations |-> 2, nBodies |-> 4, completed |-> TRUE]
/\ currentIteration = 2
/\ jobs = [worker1 |-> <<>>, worker2 |-> <<>>]
/\ bodyIndex = [worker1 |-> 1, worker2 |-> 1]

@!@!@ENDMSG 2217 @!@!@
@!@!@STARTMSG 2217:4 @!@!@
42: <MainLoop line 141, col 19 to line 147, col 46 of module macro>
/\ posBarrier = [worker1 |-> TRUE, worker2 |-> FALSE]
/\ nWorkers = 2
/\ iterationsDone = 2
/\ bodies = <<1, 1, 1, 1>>
/\ pc = [master |-> "Done", worker1 |-> "AwaitPosConsistency", worker2 |-> "Done"]
/\ simulation = [iterations |-> 2, nBodies |-> 4, completed |-> TRUE]
/\ currentIteration = 2
/\ jobs = [worker1 |-> <<>>, worker2 |-> <<>>]
/\ bodyIndex = [worker1 |-> 1, worker2 |-> 1]

@!@!@ENDMSG 2217 @!@!@
@!@!@STARTMSG 2201:0 @!@!@
The coverage statistics at 2022-04-05 23:48:27
@!@!@ENDMSG 2201 @!@!@
@!@!@STARTMSG 2773:0 @!@!@
<Init line 82, col 1 to line 82, col 4 of module macro>: 4:4
@!@!@ENDMSG 2773 @!@!@
@!@!@STARTMSG 2221:0 @!@!@
  line 83, col 12 to line 83, col 78 of module macro: 4
@!@!@ENDMSG 2221 @!@!@
@!@!@STARTMSG 2221:0 @!@!@
  line 85, col 23 to line 85, col 57 of module macro: 4
@!@!@ENDMSG 2221 @!@!@
@!@!@STARTMSG 2775:0 @!@!@
  |line 54, col 20 to line 54, col 32 of module PT: 4:16
@!@!@ENDMSG 2775 @!@!@
@!@!@STARTMSG 2221:0 @!@!@
  ||line 54, col 21 to line 54, col 24 of module PT: 4
@!@!@ENDMSG 2221 @!@!@
@!@!@STARTMSG 2221:0 @!@!@
  ||line 54, col 29 to line 54, col 31 of module PT: 4
@!@!@ENDMSG 2221 @!@!@
@!@!@STARTMSG 2775:0 @!@!@
  |line 85, col 34 to line 85, col 36 of module macro: 4:44
@!@!@ENDMSG 2775 @!@!@
@!@!@STARTMSG 2221:0 @!@!@
  |line 85, col 39 to line 85, col 56 of module macro: 4
@!@!@ENDMSG 2221 @!@!@
@!@!@STARTMSG 2775:0 @!@!@
  line 86, col 19 to line 86, col 42 of module macro: 4:8
@!@!@ENDMSG 2775 @!@!@
@!@!@STARTMSG 2221:0 @!@!@
  |line 86, col 26 to line 86, col 32 of module macro: 4
@!@!@ENDMSG 2221 @!@!@
@!@!@STARTMSG 2775:0 @!@!@
  ||line 11, col 1 to line 11, col 22 of module MC: 4:12
@!@!@ENDMSG 2775 @!@!@
@!@!@STARTMSG 2221:0 @!@!@
  line 87, col 12 to line 87, col 42 of module macro: 4
@!@!@ENDMSG 2221 @!@!@
@!@!@STARTMSG 2775:0 @!@!@
  line 88, col 25 to line 88, col 49 of module macro: 4:8
@!@!@ENDMSG 2775 @!@!@
@!@!@STARTMSG 2221:0 @!@!@
  |line 88, col 32 to line 88, col 38 of module macro: 4
@!@!@ENDMSG 2221 @!@!@
@!@!@STARTMSG 2775:0 @!@!@
  ||line 11, col 1 to line 11, col 22 of module MC: 4:12
@!@!@ENDMSG 2775 @!@!@
@!@!@STARTMSG 2775:0 @!@!@
  line 92, col 24 to line 92, col 47 of module macro: 4:8
@!@!@ENDMSG 2775 @!@!@
@!@!@STARTMSG 2221:0 @!@!@
  |line 92, col 34 to line 92, col 40 of module macro: 4
@!@!@ENDMSG 2221 @!@!@
@!@!@STARTMSG 2775:0 @!@!@
  ||line 11, col 1 to line 11, col 22 of module MC: 4:12
@!@!@ENDMSG 2775 @!@!@
@!@!@STARTMSG 2221:0 @!@!@
  line 93, col 12 to line 94, col 74 of module macro: 4
@!@!@ENDMSG 2221 @!@!@
@!@!@STARTMSG 2775:0 @!@!@
  |line 93, col 17 to line 94, col 74 of module macro: 4:12
@!@!@ENDMSG 2775 @!@!@
@!@!@STARTMSG 2221:0 @!@!@
  ||line 93, col 27 to line 93, col 33 of module macro: 4
@!@!@ENDMSG 2221 @!@!@
@!@!@STARTMSG 2772:0 @!@!@
<ScheduleWork line 96, col 1 to line 96, col 12 of module macro>: 2:42
@!@!@ENDMSG 2772 @!@!@
@!@!@STARTMSG 2221:0 @!@!@
  line 96, col 20 to line 96, col 46 of module macro: 681
@!@!@ENDMSG 2221 @!@!@
@!@!@STARTMSG 2221:0 @!@!@
  |line 96, col 20 to line 96, col 29 of module macro: 639
@!@!@ENDMSG 2221 @!@!@
@!@!@STARTMSG 2221:0 @!@!@
  line 97, col 20 to line 97, col 23 of module macro: 42
@!@!@ENDMSG 2221 @!@!@
@!@!@STARTMSG 2221:0 @!@!@
  line 98, col 20 to line 98, col 66 of module macro: 42
@!@!@ENDMSG 2221 @!@!@
@!@!@STARTMSG 2221:0 @!@!@
  line 99, col 20 to line 101, col 44 of module macro: 42
@!@!@ENDMSG 2221 @!@!@
@!@!@STARTMSG 2772:0 @!@!@
<SimulationCicle line 103, col 1 to line 103, col 15 of module macro>: 4:137
@!@!@ENDMSG 2772 @!@!@
@!@!@STARTMSG 2221:0 @!@!@
  line 103, col 23 to line 103, col 52 of module macro: 773
@!@!@ENDMSG 2221 @!@!@
@!@!@STARTMSG 2221:0 @!@!@
  |line 103, col 23 to line 103, col 32 of module macro: 636
@!@!@ENDMSG 2221 @!@!@
@!@!@STARTMSG 2221:0 @!@!@
  line 104, col 26 to line 104, col 65 of module macro: 137
@!@!@ENDMSG 2221 @!@!@
@!@!@STARTMSG 2221:0 @!@!@
  line 105, col 31 to line 105, col 81 of module macro: 91
@!@!@ENDMSG 2221 @!@!@
@!@!@STARTMSG 2221:0 @!@!@
  line 106, col 31 to line 106, col 72 of module macro: 46
@!@!@ENDMSG 2221 @!@!@
@!@!@STARTMSG 2221:0 @!@!@
  line 107, col 23 to line 109, col 47 of module macro: 137
@!@!@ENDMSG 2221 @!@!@
@!@!@STARTMSG 2772:0 @!@!@
<AwaitComputation line 111, col 1 to line 111, col 16 of module macro>: 5:91
@!@!@ENDMSG 2772 @!@!@
@!@!@STARTMSG 2221:0 @!@!@
  line 111, col 24 to line 111, col 54 of module macro: 718
@!@!@ENDMSG 2221 @!@!@
@!@!@STARTMSG 2221:0 @!@!@
  |line 111, col 24 to line 111, col 33 of module macro: 627
@!@!@ENDMSG 2221 @!@!@
@!@!@STARTMSG 2221:0 @!@!@
  line 112, col 24 to line 112, col 27 of module macro: 91
@!@!@ENDMSG 2221 @!@!@
@!@!@STARTMSG 2221:0 @!@!@
  line 113, col 24 to line 113, col 67 of module macro: 91
@!@!@ENDMSG 2221 @!@!@
@!@!@STARTMSG 2221:0 @!@!@
  line 114, col 24 to line 116, col 48 of module macro: 91
@!@!@ENDMSG 2221 @!@!@
@!@!@STARTMSG 2772:0 @!@!@
<ProcessLocal line 118, col 1 to line 118, col 12 of module macro>: 5:91
@!@!@ENDMSG 2772 @!@!@
@!@!@STARTMSG 2221:0 @!@!@
  line 118, col 20 to line 118, col 46 of module macro: 712
@!@!@ENDMSG 2221 @!@!@
@!@!@STARTMSG 2221:0 @!@!@
  |line 118, col 20 to line 118, col 29 of module macro: 621
@!@!@ENDMSG 2221 @!@!@
@!@!@STARTMSG 2221:0 @!@!@
  line 119, col 20 to line 119, col 59 of module macro: 91
@!@!@ENDMSG 2221 @!@!@
@!@!@STARTMSG 2221:0 @!@!@
  line 120, col 20 to line 120, col 56 of module macro: 91
@!@!@ENDMSG 2221 @!@!@
@!@!@STARTMSG 2221:0 @!@!@
  line 121, col 20 to line 122, col 66 of module macro: 91
@!@!@ENDMSG 2221 @!@!@
@!@!@STARTMSG 2772:0 @!@!@
<OkPos line 124, col 1 to line 124, col 5 of module macro>: 2:8
@!@!@ENDMSG 2772 @!@!@
@!@!@STARTMSG 2221:0 @!@!@
  line 124, col 13 to line 124, col 32 of module macro: 623
@!@!@ENDMSG 2221 @!@!@
@!@!@STARTMSG 2221:0 @!@!@
  |line 124, col 13 to line 124, col 22 of module macro: 615
@!@!@ENDMSG 2221 @!@!@
@!@!@STARTMSG 2221:0 @!@!@
  line 125, col 31 to line 125, col 50 of module macro: 222
@!@!@ENDMSG 2221 @!@!@
@!@!@STARTMSG 2221:0 @!@!@
  |line 125, col 31 to line 125, col 43 of module macro: 206
@!@!@ENDMSG 2221 @!@!@
@!@!@STARTMSG 2221:0 @!@!@
  |line 125, col 47 to line 125, col 50 of module macro: 206
@!@!@ENDMSG 2221 @!@!@
@!@!@STARTMSG 2221:0 @!@!@
  line 125, col 22 to line 125, col 28 of module macro: 154
@!@!@ENDMSG 2221 @!@!@
@!@!@STARTMSG 2775:0 @!@!@
  |line 11, col 1 to line 11, col 22 of module MC: 154:462
@!@!@ENDMSG 2775 @!@!@
@!@!@STARTMSG 2221:0 @!@!@
  line 126, col 13 to line 126, col 51 of module macro: 8
@!@!@ENDMSG 2221 @!@!@
@!@!@STARTMSG 2775:0 @!@!@
  |line 126, col 27 to line 126, col 51 of module macro: 8:16
@!@!@ENDMSG 2775 @!@!@
@!@!@STARTMSG 2221:0 @!@!@
  ||line 126, col 34 to line 126, col 40 of module macro: 8
@!@!@ENDMSG 2221 @!@!@
@!@!@STARTMSG 2775:0 @!@!@
  |||line 11, col 1 to line 11, col 22 of module MC: 8:24
@!@!@ENDMSG 2775 @!@!@
@!@!@STARTMSG 2221:0 @!@!@
  line 127, col 13 to line 127, col 59 of module macro: 8
@!@!@ENDMSG 2221 @!@!@
@!@!@STARTMSG 2221:0 @!@!@
  line 128, col 13 to line 129, col 55 of module macro: 8
@!@!@ENDMSG 2221 @!@!@
@!@!@STARTMSG 2772:0 @!@!@
<Process line 131, col 1 to line 131, col 7 of module macro>: 9:53
@!@!@ENDMSG 2772 @!@!@
@!@!@STARTMSG 2221:0 @!@!@
  line 131, col 15 to line 131, col 36 of module macro: 662
@!@!@ENDMSG 2221 @!@!@
@!@!@STARTMSG 2221:0 @!@!@
  |line 131, col 15 to line 131, col 24 of module macro: 609
@!@!@ENDMSG 2221 @!@!@
@!@!@STARTMSG 2221:0 @!@!@
  line 132, col 15 to line 132, col 48 of module macro: 53
@!@!@ENDMSG 2221 @!@!@
@!@!@STARTMSG 2221:0 @!@!@
  line 133, col 15 to line 133, col 66 of module macro: 53
@!@!@ENDMSG 2221 @!@!@
@!@!@STARTMSG 2221:0 @!@!@
  line 134, col 15 to line 134, col 50 of module macro: 53
@!@!@ENDMSG 2221 @!@!@
@!@!@STARTMSG 2221:0 @!@!@
  line 135, col 15 to line 136, col 57 of module macro: 53
@!@!@ENDMSG 2221 @!@!@
@!@!@STARTMSG 2772:0 @!@!@
<MainLoop line 141, col 1 to line 141, col 14 of module macro>: 92:180
@!@!@ENDMSG 2772 @!@!@
@!@!@STARTMSG 2221:0 @!@!@
  line 141, col 22 to line 141, col 42 of module macro: 1345
@!@!@ENDMSG 2221 @!@!@
@!@!@STARTMSG 2221:0 @!@!@
  |line 141, col 22 to line 141, col 29 of module macro: 1165
@!@!@ENDMSG 2221 @!@!@
@!@!@STARTMSG 2221:0 @!@!@
  line 142, col 25 to line 142, col 52 of module macro: 180
@!@!@ENDMSG 2221 @!@!@
@!@!@STARTMSG 2221:0 @!@!@
  line 143, col 30 to line 143, col 91 of module macro: 161
@!@!@ENDMSG 2221 @!@!@
@!@!@STARTMSG 2221:0 @!@!@
  line 144, col 30 to line 144, col 66 of module macro: 19
@!@!@ENDMSG 2221 @!@!@
@!@!@STARTMSG 2221:0 @!@!@
  line 145, col 22 to line 147, col 46 of module macro: 180
@!@!@ENDMSG 2221 @!@!@
@!@!@STARTMSG 2772:0 @!@!@
<CalculateForceAndAcceleration line 149, col 1 to line 149, col 35 of module macro>: 91:175
@!@!@ENDMSG 2772 @!@!@
@!@!@STARTMSG 2221:0 @!@!@
  line 149, col 43 to line 149, col 84 of module macro: 1322
@!@!@ENDMSG 2221 @!@!@
@!@!@STARTMSG 2221:0 @!@!@
  |line 149, col 43 to line 149, col 50 of module macro: 1147
@!@!@ENDMSG 2221 @!@!@
@!@!@STARTMSG 2221:0 @!@!@
  line 150, col 43 to line 150, col 46 of module macro: 175
@!@!@ENDMSG 2221 @!@!@
@!@!@STARTMSG 2221:0 @!@!@
  line 151, col 43 to line 151, col 83 of module macro: 175
@!@!@ENDMSG 2221 @!@!@
@!@!@STARTMSG 2221:0 @!@!@
  line 152, col 43 to line 157, col 67 of module macro: 175
@!@!@ENDMSG 2221 @!@!@
@!@!@STARTMSG 2772:0 @!@!@
<AwaitForces line 159, col 1 to line 159, col 17 of module macro>: 89:173
@!@!@ENDMSG 2772 @!@!@
@!@!@STARTMSG 2221:0 @!@!@
  line 159, col 25 to line 159, col 48 of module macro: 1305
@!@!@ENDMSG 2221 @!@!@
@!@!@STARTMSG 2221:0 @!@!@
  |line 159, col 25 to line 159, col 32 of module macro: 1132
@!@!@ENDMSG 2221 @!@!@
@!@!@STARTMSG 2221:0 @!@!@
  line 160, col 25 to line 160, col 28 of module macro: 173
@!@!@ENDMSG 2221 @!@!@
@!@!@STARTMSG 2221:0 @!@!@
  line 161, col 25 to line 161, col 72 of module macro: 173
@!@!@ENDMSG 2221 @!@!@
@!@!@STARTMSG 2221:0 @!@!@
  line 162, col 25 to line 164, col 49 of module macro: 173
@!@!@ENDMSG 2221 @!@!@
@!@!@STARTMSG 2772:0 @!@!@
<CalculatePositions line 166, col 1 to line 166, col 24 of module macro>: 87:167
@!@!@ENDMSG 2772 @!@!@
@!@!@STARTMSG 2221:0 @!@!@
  line 166, col 32 to line 166, col 62 of module macro: 1284
@!@!@ENDMSG 2221 @!@!@
@!@!@STARTMSG 2221:0 @!@!@
  |line 166, col 32 to line 166, col 39 of module macro: 1117
@!@!@ENDMSG 2221 @!@!@
@!@!@STARTMSG 2221:0 @!@!@
  line 167, col 32 to line 167, col 35 of module macro: 167
@!@!@ENDMSG 2221 @!@!@
@!@!@STARTMSG 2221:0 @!@!@
  line 168, col 32 to line 168, col 73 of module macro: 167
@!@!@ENDMSG 2221 @!@!@
@!@!@STARTMSG 2221:0 @!@!@
  line 169, col 32 to line 171, col 74 of module macro: 167
@!@!@ENDMSG 2221 @!@!@
@!@!@STARTMSG 2772:0 @!@!@
<NotifyMaster line 173, col 1 to line 173, col 18 of module macro>: 88:161
@!@!@ENDMSG 2772 @!@!@
@!@!@STARTMSG 2221:0 @!@!@
  line 173, col 26 to line 173, col 50 of module macro: 1263
@!@!@ENDMSG 2221 @!@!@
@!@!@STARTMSG 2221:0 @!@!@
  |line 173, col 26 to line 173, col 33 of module macro: 1102
@!@!@ENDMSG 2221 @!@!@
@!@!@STARTMSG 2221:0 @!@!@
  line 174, col 26 to line 174, col 29 of module macro: 161
@!@!@ENDMSG 2221 @!@!@
@!@!@STARTMSG 2221:0 @!@!@
  line 175, col 26 to line 175, col 73 of module macro: 161
@!@!@ENDMSG 2221 @!@!@
@!@!@STARTMSG 2221:0 @!@!@
  line 176, col 26 to line 176, col 74 of module macro: 161
@!@!@ENDMSG 2221 @!@!@
@!@!@STARTMSG 2221:0 @!@!@
  line 177, col 26 to line 178, col 78 of module macro: 161
@!@!@ENDMSG 2221 @!@!@
@!@!@STARTMSG 2772:0 @!@!@
<AwaitPosConsistency line 180, col 1 to line 180, col 25 of module macro>: 51:112
@!@!@ENDMSG 2772 @!@!@
@!@!@STARTMSG 2221:0 @!@!@
  line 180, col 33 to line 180, col 64 of module macro: 1199
@!@!@ENDMSG 2221 @!@!@
@!@!@STARTMSG 2221:0 @!@!@
  |line 180, col 33 to line 180, col 40 of module macro: 1087
@!@!@ENDMSG 2221 @!@!@
@!@!@STARTMSG 2221:0 @!@!@
  line 181, col 33 to line 181, col 56 of module macro: 401
@!@!@ENDMSG 2221 @!@!@
@!@!@STARTMSG 2221:0 @!@!@
  |line 181, col 33 to line 181, col 48 of module macro: 289
@!@!@ENDMSG 2221 @!@!@
@!@!@STARTMSG 2221:0 @!@!@
  |line 181, col 52 to line 181, col 56 of module macro: 289
@!@!@ENDMSG 2221 @!@!@
@!@!@STARTMSG 2221:0 @!@!@
  line 182, col 33 to line 182, col 70 of module macro: 112
@!@!@ENDMSG 2221 @!@!@
@!@!@STARTMSG 2221:0 @!@!@
  line 183, col 33 to line 186, col 57 of module macro: 112
@!@!@ENDMSG 2221 @!@!@
@!@!@STARTMSG 2772:0 @!@!@
<Terminating line 193, col 1 to line 193, col 11 of module macro>: 0:1
@!@!@ENDMSG 2772 @!@!@
@!@!@STARTMSG 2221:0 @!@!@
  line 193, col 40 to line 193, col 56 of module macro: 581
@!@!@ENDMSG 2221 @!@!@
@!@!@STARTMSG 2221:0 @!@!@
  |line 193, col 40 to line 193, col 47 of module macro: 578
@!@!@ENDMSG 2221 @!@!@
@!@!@STARTMSG 2221:0 @!@!@
  line 193, col 31 to line 193, col 37 of module macro: 516
@!@!@ENDMSG 2221 @!@!@
@!@!@STARTMSG 2221:0 @!@!@
  line 194, col 19 to line 194, col 32 of module macro: 1
@!@!@ENDMSG 2221 @!@!@
@!@!@STARTMSG 2202:0 @!@!@
End of statistics.
@!@!@ENDMSG 2202 @!@!@
@!@!@STARTMSG 2200:0 @!@!@
Progress(43) at 2022-04-05 23:48:27: 1,257 states generated (54,415 s/min), 526 distinct states found (22,770 ds/min), 10 states left on queue.
@!@!@ENDMSG 2200 @!@!@
@!@!@STARTMSG 2199:0 @!@!@
1257 states generated, 526 distinct states found, 10 states left on queue.
@!@!@ENDMSG 2199 @!@!@
@!@!@STARTMSG 2194:0 @!@!@
The depth of the complete state graph search is 43.
@!@!@ENDMSG 2194 @!@!@
@!@!@STARTMSG 2186:0 @!@!@
Finished in 1399ms at (2022-04-05 23:48:27)
@!@!@ENDMSG 2186 @!@!@
