@!@!@STARTMSG 2262:0 @!@!@
TLC2 Version 2.18 of Day Month 20?? (rev: f4d8c3d)
@!@!@ENDMSG 2262 @!@!@
@!@!@STARTMSG 2187:0 @!@!@
Running breadth-first search Model-Checking with fp 18 and seed 8496276931161647406 with 2 workers on 4 cores with 1177MB heap and 2645MB offheap memory [pid: 69591] (Linux 5.13.0-39-generic amd64, AdoptOpenJDK 14.0.1 x86_64, OffHeapDiskFPSet, DiskStateQueue).
@!@!@ENDMSG 2187 @!@!@
@!@!@STARTMSG 2220:0 @!@!@
Starting SANY...
@!@!@ENDMSG 2220 @!@!@
Parsing file /home/andrea/Desktop/assignment01/tla/macro.toolbox/Model_1/MC.tla
Parsing file /home/andrea/Desktop/assignment01/tla/macro.toolbox/Model_1/macro.tla
Parsing file /opt/TLA+Toolbox/plugins/org.lamport.tlatools_1.0.0.202203041950/tla2sany/StandardModules/TLC.tla
Parsing file /opt/TLA+Toolbox/plugins/org.lamport.tlatools_1.0.0.202203041950/tla2sany/StandardModules/Sequences.tla
Parsing file /opt/TLA+Toolbox/plugins/org.lamport.tlatools_1.0.0.202203041950/tla2sany/StandardModules/Integers.tla
Parsing file /opt/TLA+Toolbox/plugins/org.lamport.tlatools_1.0.0.202203041950/tla2sany/StandardModules/FiniteSets.tla
Parsing file /opt/TLA+Toolbox/plugins/org.lamport.tlatools_1.0.0.202203041950/tla2sany/StandardModules/Naturals.tla
Parsing file /home/andrea/Desktop/assignment01/tla/macro.toolbox/Model_1/PT.tla
Semantic processing of module Naturals
Semantic processing of module Sequences
Semantic processing of module FiniteSets
Semantic processing of module TLC
Semantic processing of module Integers
Semantic processing of module PT
Semantic processing of module macro
Semantic processing of module MC
@!@!@STARTMSG 2219:0 @!@!@
SANY finished.
@!@!@ENDMSG 2219 @!@!@
@!@!@STARTMSG 2185:0 @!@!@
Starting... (2022-04-06 15:59:06)
@!@!@ENDMSG 2185 @!@!@
@!@!@STARTMSG 2212:0 @!@!@
Implied-temporal checking--satisfiability problem has 2 branches.
@!@!@ENDMSG 2212 @!@!@
@!@!@STARTMSG 2189:0 @!@!@
Computing initial states...
@!@!@ENDMSG 2189 @!@!@
@!@!@STARTMSG 2190:0 @!@!@
Finished computing initial states: 1 distinct state generated at 2022-04-06 15:59:07.
@!@!@ENDMSG 2190 @!@!@
@!@!@STARTMSG 2114:1 @!@!@
Deadlock reached.
@!@!@ENDMSG 2114 @!@!@
@!@!@STARTMSG 2121:1 @!@!@
The behavior up to this point is:
@!@!@ENDMSG 2121 @!@!@
@!@!@STARTMSG 2217:4 @!@!@
1: <Initial predicate>
/\ posBarrier = [counter |-> 0, needed |-> 3, pass |-> FALSE]
/\ nWorkers = 2
/\ nProcess = 3
/\ workerCanStart = FALSE
/\ iterationsDone = 0
/\ bp = [worker1 |-> 0, worker2 |-> 0]
/\ bodies = <<1, 1, 1, 1>>
/\ pc = [ master |-> "ScheduleWork",
  worker1 |-> "WaitToStart",
  worker2 |-> "WaitToStart" ]
/\ simulation = [iterations |-> 2, nBodies |-> 4, completed |-> FALSE]
/\ completedLatch = [counter |-> 0, needed |-> 2, pass |-> FALSE]
/\ currentIteration = 0
/\ bodiesComputed = 0
/\ jobs = [worker1 |-> <<>>, worker2 |-> <<>>]
/\ forceBarrier = [counter |-> 0, needed |-> 2, pass |-> FALSE]
/\ bodyIndex = [worker1 |-> 1, worker2 |-> 1]

@!@!@ENDMSG 2217 @!@!@
@!@!@STARTMSG 2217:4 @!@!@
2: <ScheduleWork line 150, col 17 to line 161, col 48 of module macro>
/\ posBarrier = [counter |-> 0, needed |-> 3, pass |-> FALSE]
/\ nWorkers = 2
/\ nProcess = 3
/\ workerCanStart = TRUE
/\ iterationsDone = 0
/\ bp = [worker1 |-> 0, worker2 |-> 0]
/\ bodies = <<1, 1, 1, 1>>
/\ pc = [ master |-> "SimulationCicle",
  worker1 |-> "WaitToStart",
  worker2 |-> "WaitToStart" ]
/\ simulation = [iterations |-> 2, nBodies |-> 4, completed |-> FALSE]
/\ completedLatch = [counter |-> 0, needed |-> 2, pass |-> FALSE]
/\ currentIteration = 0
/\ bodiesComputed = 0
/\ jobs = [worker1 |-> <<1, 1>>, worker2 |-> <<1, 1>>]
/\ forceBarrier = [counter |-> 0, needed |-> 2, pass |-> FALSE]
/\ bodyIndex = [worker1 |-> 1, worker2 |-> 1]

@!@!@ENDMSG 2217 @!@!@
@!@!@STARTMSG 2217:4 @!@!@
3: <SimulationCicle line 163, col 20 to line 171, col 40 of module macro>
/\ posBarrier = [counter |-> 0, needed |-> 3, pass |-> FALSE]
/\ nWorkers = 2
/\ nProcess = 3
/\ workerCanStart = TRUE
/\ iterationsDone = 0
/\ bp = [worker1 |-> 0, worker2 |-> 0]
/\ bodies = <<1, 1, 1, 1>>
/\ pc = [master |-> "ForceReset", worker1 |-> "WaitToStart", worker2 |-> "WaitToStart"]
/\ simulation = [iterations |-> 2, nBodies |-> 4, completed |-> FALSE]
/\ completedLatch = [counter |-> 0, needed |-> 2, pass |-> FALSE]
/\ currentIteration = 0
/\ bodiesComputed = 0
/\ jobs = [worker1 |-> <<1, 1>>, worker2 |-> <<1, 1>>]
/\ forceBarrier = [counter |-> 0, needed |-> 2, pass |-> FALSE]
/\ bodyIndex = [worker1 |-> 1, worker2 |-> 1]

@!@!@ENDMSG 2217 @!@!@
@!@!@STARTMSG 2217:4 @!@!@
4: <WaitToStart line 252, col 22 to line 259, col 53 of module macro>
/\ posBarrier = [counter |-> 0, needed |-> 3, pass |-> FALSE]
/\ nWorkers = 2
/\ nProcess = 3
/\ workerCanStart = TRUE
/\ iterationsDone = 0
/\ bp = [worker1 |-> 0, worker2 |-> 0]
/\ bodies = <<1, 1, 1, 1>>
/\ pc = [master |-> "ForceReset", worker1 |-> "MainLoop", worker2 |-> "WaitToStart"]
/\ simulation = [iterations |-> 2, nBodies |-> 4, completed |-> FALSE]
/\ completedLatch = [counter |-> 0, needed |-> 2, pass |-> FALSE]
/\ currentIteration = 0
/\ bodiesComputed = 0
/\ jobs = [worker1 |-> <<1, 1>>, worker2 |-> <<1, 1>>]
/\ forceBarrier = [counter |-> 0, needed |-> 2, pass |-> FALSE]
/\ bodyIndex = [worker1 |-> 1, worker2 |-> 1]

@!@!@ENDMSG 2217 @!@!@
@!@!@STARTMSG 2217:4 @!@!@
5: <MainLoop line 261, col 19 to line 269, col 39 of module macro>
/\ posBarrier = [counter |-> 0, needed |-> 3, pass |-> FALSE]
/\ nWorkers = 2
/\ nProcess = 3
/\ workerCanStart = TRUE
/\ iterationsDone = 0
/\ bp = [worker1 |-> 0, worker2 |-> 0]
/\ bodies = <<1, 1, 1, 1>>
/\ pc = [ master |-> "ForceReset",
  worker1 |-> "CalculateForceAndAcceleration",
  worker2 |-> "WaitToStart" ]
/\ simulation = [iterations |-> 2, nBodies |-> 4, completed |-> FALSE]
/\ completedLatch = [counter |-> 0, needed |-> 2, pass |-> FALSE]
/\ currentIteration = 0
/\ bodiesComputed = 0
/\ jobs = [worker1 |-> <<1, 1>>, worker2 |-> <<1, 1>>]
/\ forceBarrier = [counter |-> 0, needed |-> 2, pass |-> FALSE]
/\ bodyIndex = [worker1 |-> 1, worker2 |-> 1]

@!@!@ENDMSG 2217 @!@!@
@!@!@STARTMSG 2217:4 @!@!@
6: <CalculateForceAndAcceleration line 271, col 40 to line 287, col 78 of module macro>
/\ posBarrier = [counter |-> 0, needed |-> 3, pass |-> FALSE]
/\ nWorkers = 2
/\ nProcess = 3
/\ workerCanStart = TRUE
/\ iterationsDone = 0
/\ bp = [worker1 |-> 0, worker2 |-> 0]
/\ bodies = <<1, 1, 1, 1>>
/\ pc = [ master |-> "ForceReset",
  worker1 |-> "BodyProcessForce",
  worker2 |-> "WaitToStart" ]
/\ simulation = [iterations |-> 2, nBodies |-> 4, completed |-> FALSE]
/\ completedLatch = [counter |-> 0, needed |-> 2, pass |-> FALSE]
/\ currentIteration = 0
/\ bodiesComputed = 0
/\ jobs = [worker1 |-> <<1, 1>>, worker2 |-> <<1, 1>>]
/\ forceBarrier = [counter |-> 0, needed |-> 2, pass |-> FALSE]
/\ bodyIndex = [worker1 |-> 1, worker2 |-> 1]

@!@!@ENDMSG 2217 @!@!@
@!@!@STARTMSG 2217:4 @!@!@
7: <WaitToStart line 252, col 22 to line 259, col 53 of module macro>
/\ posBarrier = [counter |-> 0, needed |-> 3, pass |-> FALSE]
/\ nWorkers = 2
/\ nProcess = 3
/\ workerCanStart = TRUE
/\ iterationsDone = 0
/\ bp = [worker1 |-> 0, worker2 |-> 0]
/\ bodies = <<1, 1, 1, 1>>
/\ pc = [ master |-> "ForceReset",
  worker1 |-> "BodyProcessForce",
  worker2 |-> "MainLoop" ]
/\ simulation = [iterations |-> 2, nBodies |-> 4, completed |-> FALSE]
/\ completedLatch = [counter |-> 0, needed |-> 2, pass |-> FALSE]
/\ currentIteration = 0
/\ bodiesComputed = 0
/\ jobs = [worker1 |-> <<1, 1>>, worker2 |-> <<1, 1>>]
/\ forceBarrier = [counter |-> 0, needed |-> 2, pass |-> FALSE]
/\ bodyIndex = [worker1 |-> 1, worker2 |-> 1]

@!@!@ENDMSG 2217 @!@!@
@!@!@STARTMSG 2217:4 @!@!@
8: <BodyProcessForce line 289, col 27 to line 297, col 77 of module macro>
/\ posBarrier = [counter |-> 0, needed |-> 3, pass |-> FALSE]
/\ nWorkers = 2
/\ nProcess = 3
/\ workerCanStart = TRUE
/\ iterationsDone = 0
/\ bp = [worker1 |-> 1, worker2 |-> 0]
/\ bodies = <<1, 1, 1, 1>>
/\ pc = [ master |-> "ForceReset",
  worker1 |-> "CalculateForceAndAcceleration",
  worker2 |-> "MainLoop" ]
/\ simulation = [iterations |-> 2, nBodies |-> 4, completed |-> FALSE]
/\ completedLatch = [counter |-> 0, needed |-> 2, pass |-> FALSE]
/\ currentIteration = 0
/\ bodiesComputed = 0
/\ jobs = [worker1 |-> <<1, 1>>, worker2 |-> <<1, 1>>]
/\ forceBarrier = [counter |-> 0, needed |-> 2, pass |-> FALSE]
/\ bodyIndex = [worker1 |-> 2, worker2 |-> 1]

@!@!@ENDMSG 2217 @!@!@
@!@!@STARTMSG 2217:4 @!@!@
9: <CalculateForceAndAcceleration line 271, col 40 to line 287, col 78 of module macro>
/\ posBarrier = [counter |-> 0, needed |-> 3, pass |-> FALSE]
/\ nWorkers = 2
/\ nProcess = 3
/\ workerCanStart = TRUE
/\ iterationsDone = 0
/\ bp = [worker1 |-> 1, worker2 |-> 0]
/\ bodies = <<1, 1, 1, 1>>
/\ pc = [ master |-> "ForceReset",
  worker1 |-> "BodyProcessForce",
  worker2 |-> "MainLoop" ]
/\ simulation = [iterations |-> 2, nBodies |-> 4, completed |-> FALSE]
/\ completedLatch = [counter |-> 0, needed |-> 2, pass |-> FALSE]
/\ currentIteration = 0
/\ bodiesComputed = 0
/\ jobs = [worker1 |-> <<1, 1>>, worker2 |-> <<1, 1>>]
/\ forceBarrier = [counter |-> 0, needed |-> 2, pass |-> FALSE]
/\ bodyIndex = [worker1 |-> 2, worker2 |-> 1]

@!@!@ENDMSG 2217 @!@!@
@!@!@STARTMSG 2217:4 @!@!@
10: <BodyProcessForce line 289, col 27 to line 297, col 77 of module macro>
/\ posBarrier = [counter |-> 0, needed |-> 3, pass |-> FALSE]
/\ nWorkers = 2
/\ nProcess = 3
/\ workerCanStart = TRUE
/\ iterationsDone = 0
/\ bp = [worker1 |-> 2, worker2 |-> 0]
/\ bodies = <<1, 1, 1, 1>>
/\ pc = [ master |-> "ForceReset",
  worker1 |-> "CalculateForceAndAcceleration",
  worker2 |-> "MainLoop" ]
/\ simulation = [iterations |-> 2, nBodies |-> 4, completed |-> FALSE]
/\ completedLatch = [counter |-> 0, needed |-> 2, pass |-> FALSE]
/\ currentIteration = 0
/\ bodiesComputed = 0
/\ jobs = [worker1 |-> <<1, 1>>, worker2 |-> <<1, 1>>]
/\ forceBarrier = [counter |-> 0, needed |-> 2, pass |-> FALSE]
/\ bodyIndex = [worker1 |-> 3, worker2 |-> 1]

@!@!@ENDMSG 2217 @!@!@
@!@!@STARTMSG 2217:4 @!@!@
11: <CalculateForceAndAcceleration line 271, col 40 to line 287, col 78 of module macro>
/\ posBarrier = [counter |-> 0, needed |-> 3, pass |-> FALSE]
/\ nWorkers = 2
/\ nProcess = 3
/\ workerCanStart = TRUE
/\ iterationsDone = 0
/\ bp = [worker1 |-> 2, worker2 |-> 0]
/\ bodies = <<1, 1, 1, 1>>
/\ pc = [ master |-> "ForceReset",
  worker1 |-> "CalculatePositions",
  worker2 |-> "MainLoop" ]
/\ simulation = [iterations |-> 2, nBodies |-> 4, completed |-> FALSE]
/\ completedLatch = [counter |-> 0, needed |-> 2, pass |-> FALSE]
/\ currentIteration = 0
/\ bodiesComputed = 0
/\ jobs = [worker1 |-> <<1, 1>>, worker2 |-> <<1, 1>>]
/\ forceBarrier = [counter |-> 1, needed |-> 2, pass |-> FALSE]
/\ bodyIndex = [worker1 |-> 1, worker2 |-> 1]

@!@!@ENDMSG 2217 @!@!@
@!@!@STARTMSG 2217:4 @!@!@
12: <CalculatePositions line 299, col 29 to line 310, col 49 of module macro>
/\ posBarrier = [counter |-> 0, needed |-> 3, pass |-> FALSE]
/\ nWorkers = 2
/\ nProcess = 3
/\ workerCanStart = TRUE
/\ iterationsDone = 0
/\ bp = [worker1 |-> 2, worker2 |-> 0]
/\ bodies = <<1, 1, 1, 1>>
/\ pc = [master |-> "ForceReset", worker1 |-> "BodyProcessPos", worker2 |-> "MainLoop"]
/\ simulation = [iterations |-> 2, nBodies |-> 4, completed |-> FALSE]
/\ completedLatch = [counter |-> 0, needed |-> 2, pass |-> FALSE]
/\ currentIteration = 0
/\ bodiesComputed = 0
/\ jobs = [worker1 |-> <<1, 1>>, worker2 |-> <<1, 1>>]
/\ forceBarrier = [counter |-> 1, needed |-> 2, pass |-> FALSE]
/\ bodyIndex = [worker1 |-> 1, worker2 |-> 1]

@!@!@ENDMSG 2217 @!@!@
@!@!@STARTMSG 2217:4 @!@!@
13: <BodyProcessPos line 312, col 25 to line 320, col 75 of module macro>
/\ posBarrier = [counter |-> 0, needed |-> 3, pass |-> FALSE]
/\ nWorkers = 2
/\ nProcess = 3
/\ workerCanStart = TRUE
/\ iterationsDone = 0
/\ bp = [worker1 |-> 3, worker2 |-> 0]
/\ bodies = <<1, 1, 1, 1>>
/\ pc = [ master |-> "ForceReset",
  worker1 |-> "CalculatePositions",
  worker2 |-> "MainLoop" ]
/\ simulation = [iterations |-> 2, nBodies |-> 4, completed |-> FALSE]
/\ completedLatch = [counter |-> 0, needed |-> 2, pass |-> FALSE]
/\ currentIteration = 0
/\ bodiesComputed = 0
/\ jobs = [worker1 |-> <<1, 1>>, worker2 |-> <<1, 1>>]
/\ forceBarrier = [counter |-> 1, needed |-> 2, pass |-> FALSE]
/\ bodyIndex = [worker1 |-> 2, worker2 |-> 1]

@!@!@ENDMSG 2217 @!@!@
@!@!@STARTMSG 2217:4 @!@!@
14: <CalculatePositions line 299, col 29 to line 310, col 49 of module macro>
/\ posBarrier = [counter |-> 0, needed |-> 3, pass |-> FALSE]
/\ nWorkers = 2
/\ nProcess = 3
/\ workerCanStart = TRUE
/\ iterationsDone = 0
/\ bp = [worker1 |-> 3, worker2 |-> 0]
/\ bodies = <<1, 1, 1, 1>>
/\ pc = [master |-> "ForceReset", worker1 |-> "BodyProcessPos", worker2 |-> "MainLoop"]
/\ simulation = [iterations |-> 2, nBodies |-> 4, completed |-> FALSE]
/\ completedLatch = [counter |-> 0, needed |-> 2, pass |-> FALSE]
/\ currentIteration = 0
/\ bodiesComputed = 0
/\ jobs = [worker1 |-> <<1, 1>>, worker2 |-> <<1, 1>>]
/\ forceBarrier = [counter |-> 1, needed |-> 2, pass |-> FALSE]
/\ bodyIndex = [worker1 |-> 2, worker2 |-> 1]

@!@!@ENDMSG 2217 @!@!@
@!@!@STARTMSG 2217:4 @!@!@
15: <BodyProcessPos line 312, col 25 to line 320, col 75 of module macro>
/\ posBarrier = [counter |-> 0, needed |-> 3, pass |-> FALSE]
/\ nWorkers = 2
/\ nProcess = 3
/\ workerCanStart = TRUE
/\ iterationsDone = 0
/\ bp = [worker1 |-> 4, worker2 |-> 0]
/\ bodies = <<1, 1, 1, 1>>
/\ pc = [ master |-> "ForceReset",
  worker1 |-> "CalculatePositions",
  worker2 |-> "MainLoop" ]
/\ simulation = [iterations |-> 2, nBodies |-> 4, completed |-> FALSE]
/\ completedLatch = [counter |-> 0, needed |-> 2, pass |-> FALSE]
/\ currentIteration = 0
/\ bodiesComputed = 0
/\ jobs = [worker1 |-> <<1, 1>>, worker2 |-> <<1, 1>>]
/\ forceBarrier = [counter |-> 1, needed |-> 2, pass |-> FALSE]
/\ bodyIndex = [worker1 |-> 3, worker2 |-> 1]

@!@!@ENDMSG 2217 @!@!@
@!@!@STARTMSG 2217:4 @!@!@
16: <CalculatePositions line 299, col 29 to line 310, col 49 of module macro>
/\ posBarrier = [counter |-> 0, needed |-> 3, pass |-> FALSE]
/\ nWorkers = 2
/\ nProcess = 3
/\ workerCanStart = TRUE
/\ iterationsDone = 0
/\ bp = [worker1 |-> 4, worker2 |-> 0]
/\ bodies = <<1, 1, 1, 1>>
/\ pc = [master |-> "ForceReset", worker1 |-> "NotifyMaster", worker2 |-> "MainLoop"]
/\ simulation = [iterations |-> 2, nBodies |-> 4, completed |-> FALSE]
/\ completedLatch = [counter |-> 0, needed |-> 2, pass |-> FALSE]
/\ currentIteration = 0
/\ bodiesComputed = 0
/\ jobs = [worker1 |-> <<1, 1>>, worker2 |-> <<1, 1>>]
/\ forceBarrier = [counter |-> 1, needed |-> 2, pass |-> FALSE]
/\ bodyIndex = [worker1 |-> 1, worker2 |-> 1]

@!@!@ENDMSG 2217 @!@!@
@!@!@STARTMSG 2217:4 @!@!@
17: <MainLoop line 261, col 19 to line 269, col 39 of module macro>
/\ posBarrier = [counter |-> 0, needed |-> 3, pass |-> FALSE]
/\ nWorkers = 2
/\ nProcess = 3
/\ workerCanStart = TRUE
/\ iterationsDone = 0
/\ bp = [worker1 |-> 4, worker2 |-> 0]
/\ bodies = <<1, 1, 1, 1>>
/\ pc = [ master |-> "ForceReset",
  worker1 |-> "NotifyMaster",
  worker2 |-> "CalculateForceAndAcceleration" ]
/\ simulation = [iterations |-> 2, nBodies |-> 4, completed |-> FALSE]
/\ completedLatch = [counter |-> 0, needed |-> 2, pass |-> FALSE]
/\ currentIteration = 0
/\ bodiesComputed = 0
/\ jobs = [worker1 |-> <<1, 1>>, worker2 |-> <<1, 1>>]
/\ forceBarrier = [counter |-> 1, needed |-> 2, pass |-> FALSE]
/\ bodyIndex = [worker1 |-> 1, worker2 |-> 1]

@!@!@ENDMSG 2217 @!@!@
@!@!@STARTMSG 2217:4 @!@!@
18: <NotifyMaster line 322, col 23 to line 331, col 50 of module macro>
/\ posBarrier = [counter |-> 1, needed |-> 3, pass |-> FALSE]
/\ nWorkers = 2
/\ nProcess = 3
/\ workerCanStart = TRUE
/\ iterationsDone = 0
/\ bp = [worker1 |-> 0, worker2 |-> 0]
/\ bodies = <<1, 1, 1, 1>>
/\ pc = [ master |-> "ForceReset",
  worker1 |-> "AwaitPosConsistency",
  worker2 |-> "CalculateForceAndAcceleration" ]
/\ simulation = [iterations |-> 2, nBodies |-> 4, completed |-> FALSE]
/\ completedLatch = [counter |-> 1, needed |-> 2, pass |-> FALSE]
/\ currentIteration = 0
/\ bodiesComputed = 4
/\ jobs = [worker1 |-> <<1, 1>>, worker2 |-> <<1, 1>>]
/\ forceBarrier = [counter |-> 1, needed |-> 2, pass |-> FALSE]
/\ bodyIndex = [worker1 |-> 1, worker2 |-> 1]

@!@!@ENDMSG 2217 @!@!@
@!@!@STARTMSG 2217:4 @!@!@
19: <CalculateForceAndAcceleration line 271, col 40 to line 287, col 78 of module macro>
/\ posBarrier = [counter |-> 1, needed |-> 3, pass |-> FALSE]
/\ nWorkers = 2
/\ nProcess = 3
/\ workerCanStart = TRUE
/\ iterationsDone = 0
/\ bp = [worker1 |-> 0, worker2 |-> 0]
/\ bodies = <<1, 1, 1, 1>>
/\ pc = [ master |-> "ForceReset",
  worker1 |-> "AwaitPosConsistency",
  worker2 |-> "BodyProcessForce" ]
/\ simulation = [iterations |-> 2, nBodies |-> 4, completed |-> FALSE]
/\ completedLatch = [counter |-> 1, needed |-> 2, pass |-> FALSE]
/\ currentIteration = 0
/\ bodiesComputed = 4
/\ jobs = [worker1 |-> <<1, 1>>, worker2 |-> <<1, 1>>]
/\ forceBarrier = [counter |-> 1, needed |-> 2, pass |-> FALSE]
/\ bodyIndex = [worker1 |-> 1, worker2 |-> 1]

@!@!@ENDMSG 2217 @!@!@
@!@!@STARTMSG 2217:4 @!@!@
20: <BodyProcessForce line 289, col 27 to line 297, col 77 of module macro>
/\ posBarrier = [counter |-> 1, needed |-> 3, pass |-> FALSE]
/\ nWorkers = 2
/\ nProcess = 3
/\ workerCanStart = TRUE
/\ iterationsDone = 0
/\ bp = [worker1 |-> 0, worker2 |-> 1]
/\ bodies = <<1, 1, 1, 1>>
/\ pc = [ master |-> "ForceReset",
  worker1 |-> "AwaitPosConsistency",
  worker2 |-> "CalculateForceAndAcceleration" ]
/\ simulation = [iterations |-> 2, nBodies |-> 4, completed |-> FALSE]
/\ completedLatch = [counter |-> 1, needed |-> 2, pass |-> FALSE]
/\ currentIteration = 0
/\ bodiesComputed = 4
/\ jobs = [worker1 |-> <<1, 1>>, worker2 |-> <<1, 1>>]
/\ forceBarrier = [counter |-> 1, needed |-> 2, pass |-> FALSE]
/\ bodyIndex = [worker1 |-> 1, worker2 |-> 2]

@!@!@ENDMSG 2217 @!@!@
@!@!@STARTMSG 2217:4 @!@!@
21: <CalculateForceAndAcceleration line 271, col 40 to line 287, col 78 of module macro>
/\ posBarrier = [counter |-> 1, needed |-> 3, pass |-> FALSE]
/\ nWorkers = 2
/\ nProcess = 3
/\ workerCanStart = TRUE
/\ iterationsDone = 0
/\ bp = [worker1 |-> 0, worker2 |-> 1]
/\ bodies = <<1, 1, 1, 1>>
/\ pc = [ master |-> "ForceReset",
  worker1 |-> "AwaitPosConsistency",
  worker2 |-> "BodyProcessForce" ]
/\ simulation = [iterations |-> 2, nBodies |-> 4, completed |-> FALSE]
/\ completedLatch = [counter |-> 1, needed |-> 2, pass |-> FALSE]
/\ currentIteration = 0
/\ bodiesComputed = 4
/\ jobs = [worker1 |-> <<1, 1>>, worker2 |-> <<1, 1>>]
/\ forceBarrier = [counter |-> 1, needed |-> 2, pass |-> FALSE]
/\ bodyIndex = [worker1 |-> 1, worker2 |-> 2]

@!@!@ENDMSG 2217 @!@!@
@!@!@STARTMSG 2217:4 @!@!@
22: <BodyProcessForce line 289, col 27 to line 297, col 77 of module macro>
/\ posBarrier = [counter |-> 1, needed |-> 3, pass |-> FALSE]
/\ nWorkers = 2
/\ nProcess = 3
/\ workerCanStart = TRUE
/\ iterationsDone = 0
/\ bp = [worker1 |-> 0, worker2 |-> 2]
/\ bodies = <<1, 1, 1, 1>>
/\ pc = [ master |-> "ForceReset",
  worker1 |-> "AwaitPosConsistency",
  worker2 |-> "CalculateForceAndAcceleration" ]
/\ simulation = [iterations |-> 2, nBodies |-> 4, completed |-> FALSE]
/\ completedLatch = [counter |-> 1, needed |-> 2, pass |-> FALSE]
/\ currentIteration = 0
/\ bodiesComputed = 4
/\ jobs = [worker1 |-> <<1, 1>>, worker2 |-> <<1, 1>>]
/\ forceBarrier = [counter |-> 1, needed |-> 2, pass |-> FALSE]
/\ bodyIndex = [worker1 |-> 1, worker2 |-> 3]

@!@!@ENDMSG 2217 @!@!@
@!@!@STARTMSG 2217:4 @!@!@
23: <CalculateForceAndAcceleration line 271, col 40 to line 287, col 78 of module macro>
/\ posBarrier = [counter |-> 1, needed |-> 3, pass |-> FALSE]
/\ nWorkers = 2
/\ nProcess = 3
/\ workerCanStart = TRUE
/\ iterationsDone = 0
/\ bp = [worker1 |-> 0, worker2 |-> 2]
/\ bodies = <<1, 1, 1, 1>>
/\ pc = [ master |-> "ForceReset",
  worker1 |-> "AwaitPosConsistency",
  worker2 |-> "CalculatePositions" ]
/\ simulation = [iterations |-> 2, nBodies |-> 4, completed |-> FALSE]
/\ completedLatch = [counter |-> 1, needed |-> 2, pass |-> FALSE]
/\ currentIteration = 0
/\ bodiesComputed = 4
/\ jobs = [worker1 |-> <<1, 1>>, worker2 |-> <<1, 1>>]
/\ forceBarrier = [counter |-> 2, needed |-> 2, pass |-> FALSE]
/\ bodyIndex = [worker1 |-> 1, worker2 |-> 1]

@!@!@ENDMSG 2217 @!@!@
@!@!@STARTMSG 2217:4 @!@!@
24: <ForceReset line 173, col 15 to line 179, col 80 of module macro>
/\ posBarrier = [counter |-> 1, needed |-> 3, pass |-> FALSE]
/\ nWorkers = 2
/\ nProcess = 3
/\ workerCanStart = TRUE
/\ iterationsDone = 0
/\ bp = [worker1 |-> 0, worker2 |-> 2]
/\ bodies = <<1, 1, 1, 1>>
/\ pc = [ master |-> "rpb",
  worker1 |-> "AwaitPosConsistency",
  worker2 |-> "CalculatePositions" ]
/\ simulation = [iterations |-> 2, nBodies |-> 4, completed |-> FALSE]
/\ completedLatch = [counter |-> 1, needed |-> 2, pass |-> FALSE]
/\ currentIteration = 0
/\ bodiesComputed = 4
/\ jobs = [worker1 |-> <<1, 1>>, worker2 |-> <<1, 1>>]
/\ forceBarrier = [counter |-> 2, needed |-> 2, pass |-> FALSE]
/\ bodyIndex = [worker1 |-> 1, worker2 |-> 1]

@!@!@ENDMSG 2217 @!@!@
@!@!@STARTMSG 2217:4 @!@!@
25: <rpb line 181, col 8 to line 186, col 73 of module macro>
/\ posBarrier = [counter |-> 0, needed |-> 3, pass |-> FALSE]
/\ nWorkers = 2
/\ nProcess = 3
/\ workerCanStart = TRUE
/\ iterationsDone = 0
/\ bp = [worker1 |-> 0, worker2 |-> 2]
/\ bodies = <<1, 1, 1, 1>>
/\ pc = [ master |-> "rpp",
  worker1 |-> "AwaitPosConsistency",
  worker2 |-> "CalculatePositions" ]
/\ simulation = [iterations |-> 2, nBodies |-> 4, completed |-> FALSE]
/\ completedLatch = [counter |-> 1, needed |-> 2, pass |-> FALSE]
/\ currentIteration = 0
/\ bodiesComputed = 4
/\ jobs = [worker1 |-> <<1, 1>>, worker2 |-> <<1, 1>>]
/\ forceBarrier = [counter |-> 2, needed |-> 2, pass |-> FALSE]
/\ bodyIndex = [worker1 |-> 1, worker2 |-> 1]

@!@!@ENDMSG 2217 @!@!@
@!@!@STARTMSG 2217:4 @!@!@
26: <CalculatePositions line 299, col 29 to line 310, col 49 of module macro>
/\ posBarrier = [counter |-> 0, needed |-> 3, pass |-> FALSE]
/\ nWorkers = 2
/\ nProcess = 3
/\ workerCanStart = TRUE
/\ iterationsDone = 0
/\ bp = [worker1 |-> 0, worker2 |-> 2]
/\ bodies = <<1, 1, 1, 1>>
/\ pc = [ master |-> "rpp",
  worker1 |-> "AwaitPosConsistency",
  worker2 |-> "BodyProcessPos" ]
/\ simulation = [iterations |-> 2, nBodies |-> 4, completed |-> FALSE]
/\ completedLatch = [counter |-> 1, needed |-> 2, pass |-> FALSE]
/\ currentIteration = 0
/\ bodiesComputed = 4
/\ jobs = [worker1 |-> <<1, 1>>, worker2 |-> <<1, 1>>]
/\ forceBarrier = [counter |-> 2, needed |-> 2, pass |-> FALSE]
/\ bodyIndex = [worker1 |-> 1, worker2 |-> 1]

@!@!@ENDMSG 2217 @!@!@
@!@!@STARTMSG 2217:4 @!@!@
27: <rpp line 188, col 8 to line 194, col 73 of module macro>
/\ posBarrier = [counter |-> 0, needed |-> 3, pass |-> FALSE]
/\ nWorkers = 2
/\ nProcess = 3
/\ workerCanStart = TRUE
/\ iterationsDone = 0
/\ bp = [worker1 |-> 0, worker2 |-> 2]
/\ bodies = <<1, 1, 1, 1>>
/\ pc = [ master |-> "AwaitComputation",
  worker1 |-> "AwaitPosConsistency",
  worker2 |-> "BodyProcessPos" ]
/\ simulation = [iterations |-> 2, nBodies |-> 4, completed |-> FALSE]
/\ completedLatch = [counter |-> 1, needed |-> 2, pass |-> FALSE]
/\ currentIteration = 0
/\ bodiesComputed = 4
/\ jobs = [worker1 |-> <<1, 1>>, worker2 |-> <<1, 1>>]
/\ forceBarrier = [counter |-> 2, needed |-> 2, pass |-> TRUE]
/\ bodyIndex = [worker1 |-> 1, worker2 |-> 1]

@!@!@ENDMSG 2217 @!@!@
@!@!@STARTMSG 2217:4 @!@!@
28: <BodyProcessPos line 312, col 25 to line 320, col 75 of module macro>
/\ posBarrier = [counter |-> 0, needed |-> 3, pass |-> FALSE]
/\ nWorkers = 2
/\ nProcess = 3
/\ workerCanStart = TRUE
/\ iterationsDone = 0
/\ bp = [worker1 |-> 0, worker2 |-> 3]
/\ bodies = <<1, 1, 1, 1>>
/\ pc = [ master |-> "AwaitComputation",
  worker1 |-> "AwaitPosConsistency",
  worker2 |-> "CalculatePositions" ]
/\ simulation = [iterations |-> 2, nBodies |-> 4, completed |-> FALSE]
/\ completedLatch = [counter |-> 1, needed |-> 2, pass |-> FALSE]
/\ currentIteration = 0
/\ bodiesComputed = 4
/\ jobs = [worker1 |-> <<1, 1>>, worker2 |-> <<1, 1>>]
/\ forceBarrier = [counter |-> 2, needed |-> 2, pass |-> TRUE]
/\ bodyIndex = [worker1 |-> 1, worker2 |-> 2]

@!@!@ENDMSG 2217 @!@!@
@!@!@STARTMSG 2217:4 @!@!@
29: <CalculatePositions line 299, col 29 to line 310, col 49 of module macro>
/\ posBarrier = [counter |-> 0, needed |-> 3, pass |-> FALSE]
/\ nWorkers = 2
/\ nProcess = 3
/\ workerCanStart = TRUE
/\ iterationsDone = 0
/\ bp = [worker1 |-> 0, worker2 |-> 3]
/\ bodies = <<1, 1, 1, 1>>
/\ pc = [ master |-> "AwaitComputation",
  worker1 |-> "AwaitPosConsistency",
  worker2 |-> "BodyProcessPos" ]
/\ simulation = [iterations |-> 2, nBodies |-> 4, completed |-> FALSE]
/\ completedLatch = [counter |-> 1, needed |-> 2, pass |-> FALSE]
/\ currentIteration = 0
/\ bodiesComputed = 4
/\ jobs = [worker1 |-> <<1, 1>>, worker2 |-> <<1, 1>>]
/\ forceBarrier = [counter |-> 2, needed |-> 2, pass |-> TRUE]
/\ bodyIndex = [worker1 |-> 1, worker2 |-> 2]

@!@!@ENDMSG 2217 @!@!@
@!@!@STARTMSG 2217:4 @!@!@
30: <BodyProcessPos line 312, col 25 to line 320, col 75 of module macro>
/\ posBarrier = [counter |-> 0, needed |-> 3, pass |-> FALSE]
/\ nWorkers = 2
/\ nProcess = 3
/\ workerCanStart = TRUE
/\ iterationsDone = 0
/\ bp = [worker1 |-> 0, worker2 |-> 4]
/\ bodies = <<1, 1, 1, 1>>
/\ pc = [ master |-> "AwaitComputation",
  worker1 |-> "AwaitPosConsistency",
  worker2 |-> "CalculatePositions" ]
/\ simulation = [iterations |-> 2, nBodies |-> 4, completed |-> FALSE]
/\ completedLatch = [counter |-> 1, needed |-> 2, pass |-> FALSE]
/\ currentIteration = 0
/\ bodiesComputed = 4
/\ jobs = [worker1 |-> <<1, 1>>, worker2 |-> <<1, 1>>]
/\ forceBarrier = [counter |-> 2, needed |-> 2, pass |-> TRUE]
/\ bodyIndex = [worker1 |-> 1, worker2 |-> 3]

@!@!@ENDMSG 2217 @!@!@
@!@!@STARTMSG 2217:4 @!@!@
31: <CalculatePositions line 299, col 29 to line 310, col 49 of module macro>
/\ posBarrier = [counter |-> 0, needed |-> 3, pass |-> FALSE]
/\ nWorkers = 2
/\ nProcess = 3
/\ workerCanStart = TRUE
/\ iterationsDone = 0
/\ bp = [worker1 |-> 0, worker2 |-> 4]
/\ bodies = <<1, 1, 1, 1>>
/\ pc = [ master |-> "AwaitComputation",
  worker1 |-> "AwaitPosConsistency",
  worker2 |-> "NotifyMaster" ]
/\ simulation = [iterations |-> 2, nBodies |-> 4, completed |-> FALSE]
/\ completedLatch = [counter |-> 1, needed |-> 2, pass |-> FALSE]
/\ currentIteration = 0
/\ bodiesComputed = 4
/\ jobs = [worker1 |-> <<1, 1>>, worker2 |-> <<1, 1>>]
/\ forceBarrier = [counter |-> 2, needed |-> 2, pass |-> TRUE]
/\ bodyIndex = [worker1 |-> 1, worker2 |-> 1]

@!@!@ENDMSG 2217 @!@!@
@!@!@STARTMSG 2217:4 @!@!@
32: <NotifyMaster line 322, col 23 to line 331, col 50 of module macro>
/\ posBarrier = [counter |-> 1, needed |-> 3, pass |-> FALSE]
/\ nWorkers = 2
/\ nProcess = 3
/\ workerCanStart = TRUE
/\ iterationsDone = 0
/\ bp = [worker1 |-> 0, worker2 |-> 0]
/\ bodies = <<1, 1, 1, 1>>
/\ pc = [ master |-> "AwaitComputation",
  worker1 |-> "AwaitPosConsistency",
  worker2 |-> "AwaitPosConsistency" ]
/\ simulation = [iterations |-> 2, nBodies |-> 4, completed |-> FALSE]
/\ completedLatch = [counter |-> 2, needed |-> 2, pass |-> FALSE]
/\ currentIteration = 0
/\ bodiesComputed = 8
/\ jobs = [worker1 |-> <<1, 1>>, worker2 |-> <<1, 1>>]
/\ forceBarrier = [counter |-> 2, needed |-> 2, pass |-> TRUE]
/\ bodyIndex = [worker1 |-> 1, worker2 |-> 1]

@!@!@ENDMSG 2217 @!@!@
@!@!@STARTMSG 2217:4 @!@!@
33: <AwaitComputation line 196, col 21 to line 203, col 70 of module macro>
/\ posBarrier = [counter |-> 1, needed |-> 3, pass |-> FALSE]
/\ nWorkers = 2
/\ nProcess = 3
/\ workerCanStart = TRUE
/\ iterationsDone = 0
/\ bp = [worker1 |-> 0, worker2 |-> 0]
/\ bodies = <<1, 1, 1, 1>>
/\ pc = [ master |-> "ProcessLocal",
  worker1 |-> "AwaitPosConsistency",
  worker2 |-> "AwaitPosConsistency" ]
/\ simulation = [iterations |-> 2, nBodies |-> 4, completed |-> FALSE]
/\ completedLatch = [counter |-> 0, needed |-> 2, pass |-> FALSE]
/\ currentIteration = 0
/\ bodiesComputed = 8
/\ jobs = [worker1 |-> <<1, 1>>, worker2 |-> <<1, 1>>]
/\ forceBarrier = [counter |-> 2, needed |-> 2, pass |-> TRUE]
/\ bodyIndex = [worker1 |-> 1, worker2 |-> 1]

@!@!@ENDMSG 2217 @!@!@
@!@!@STARTMSG 2217:4 @!@!@
34: <ProcessLocal line 205, col 17 to line 215, col 78 of module macro>
/\ posBarrier = [counter |-> 2, needed |-> 3, pass |-> FALSE]
/\ nWorkers = 2
/\ nProcess = 3
/\ workerCanStart = TRUE
/\ iterationsDone = 0
/\ bp = [worker1 |-> 0, worker2 |-> 0]
/\ bodies = <<1, 1, 1, 1>>
/\ pc = [ master |-> "OkPos",
  worker1 |-> "AwaitPosConsistency",
  worker2 |-> "AwaitPosConsistency" ]
/\ simulation = [iterations |-> 2, nBodies |-> 4, completed |-> FALSE]
/\ completedLatch = [counter |-> 0, needed |-> 2, pass |-> FALSE]
/\ currentIteration = 1
/\ bodiesComputed = 8
/\ jobs = [worker1 |-> <<1, 1>>, worker2 |-> <<1, 1>>]
/\ forceBarrier = [counter |-> 2, needed |-> 2, pass |-> TRUE]
/\ bodyIndex = [worker1 |-> 1, worker2 |-> 1]

@!@!@ENDMSG 2217 @!@!@
@!@!@STARTMSG 2201:0 @!@!@
The coverage statistics at 2022-04-06 15:59:07
@!@!@ENDMSG 2201 @!@!@
@!@!@STARTMSG 2773:0 @!@!@
<Init line 130, col 1 to line 130, col 4 of module macro>: 4:4
@!@!@ENDMSG 2773 @!@!@
@!@!@STARTMSG 2221:0 @!@!@
  line 131, col 12 to line 131, col 78 of module macro: 4
@!@!@ENDMSG 2221 @!@!@
@!@!@STARTMSG 2221:0 @!@!@
  line 133, col 23 to line 133, col 57 of module macro: 4
@!@!@ENDMSG 2221 @!@!@
@!@!@STARTMSG 2775:0 @!@!@
  |line 54, col 20 to line 54, col 32 of module PT: 4:16
@!@!@ENDMSG 2775 @!@!@
@!@!@STARTMSG 2221:0 @!@!@
  ||line 54, col 21 to line 54, col 24 of module PT: 4
@!@!@ENDMSG 2221 @!@!@
@!@!@STARTMSG 2221:0 @!@!@
  ||line 54, col 29 to line 54, col 31 of module PT: 4
@!@!@ENDMSG 2221 @!@!@
@!@!@STARTMSG 2775:0 @!@!@
  |line 133, col 34 to line 133, col 36 of module macro: 4:44
@!@!@ENDMSG 2775 @!@!@
@!@!@STARTMSG 2221:0 @!@!@
  |line 133, col 39 to line 133, col 56 of module macro: 4
@!@!@ENDMSG 2221 @!@!@
@!@!@STARTMSG 2775:0 @!@!@
  line 134, col 19 to line 134, col 42 of module macro: 4:8
@!@!@ENDMSG 2775 @!@!@
@!@!@STARTMSG 2221:0 @!@!@
  |line 134, col 26 to line 134, col 32 of module macro: 4
@!@!@ENDMSG 2221 @!@!@
@!@!@STARTMSG 2775:0 @!@!@
  ||line 11, col 1 to line 11, col 22 of module MC: 4:12
@!@!@ENDMSG 2775 @!@!@
@!@!@STARTMSG 2221:0 @!@!@
  line 135, col 12 to line 135, col 42 of module macro: 4
@!@!@ENDMSG 2221 @!@!@
@!@!@STARTMSG 2221:0 @!@!@
  line 136, col 12 to line 136, col 34 of module macro: 4
@!@!@ENDMSG 2221 @!@!@
@!@!@STARTMSG 2221:0 @!@!@
  line 138, col 12 to line 138, col 33 of module macro: 4
@!@!@ENDMSG 2221 @!@!@
@!@!@STARTMSG 2221:0 @!@!@
  line 139, col 12 to line 139, col 76 of module macro: 4
@!@!@ENDMSG 2221 @!@!@
@!@!@STARTMSG 2221:0 @!@!@
  line 140, col 12 to line 140, col 78 of module macro: 4
@!@!@ENDMSG 2221 @!@!@
@!@!@STARTMSG 2221:0 @!@!@
  line 141, col 12 to line 141, col 80 of module macro: 4
@!@!@ENDMSG 2221 @!@!@
@!@!@STARTMSG 2775:0 @!@!@
  line 145, col 24 to line 145, col 47 of module macro: 4:8
@!@!@ENDMSG 2775 @!@!@
@!@!@STARTMSG 2221:0 @!@!@
  |line 145, col 34 to line 145, col 40 of module macro: 4
@!@!@ENDMSG 2221 @!@!@
@!@!@STARTMSG 2775:0 @!@!@
  ||line 11, col 1 to line 11, col 22 of module MC: 4:12
@!@!@ENDMSG 2775 @!@!@
@!@!@STARTMSG 2775:0 @!@!@
  line 146, col 17 to line 146, col 40 of module macro: 4:8
@!@!@ENDMSG 2775 @!@!@
@!@!@STARTMSG 2221:0 @!@!@
  |line 146, col 27 to line 146, col 33 of module macro: 4
@!@!@ENDMSG 2221 @!@!@
@!@!@STARTMSG 2775:0 @!@!@
  ||line 11, col 1 to line 11, col 22 of module MC: 4:12
@!@!@ENDMSG 2775 @!@!@
@!@!@STARTMSG 2221:0 @!@!@
  line 147, col 12 to line 148, col 77 of module macro: 4
@!@!@ENDMSG 2221 @!@!@
@!@!@STARTMSG 2775:0 @!@!@
  |line 147, col 17 to line 148, col 77 of module macro: 4:12
@!@!@ENDMSG 2775 @!@!@
@!@!@STARTMSG 2221:0 @!@!@
  ||line 147, col 27 to line 147, col 33 of module macro: 4
@!@!@ENDMSG 2221 @!@!@
@!@!@STARTMSG 2772:0 @!@!@
<ScheduleWork line 150, col 1 to line 150, col 12 of module macro>: 1:4
@!@!@ENDMSG 2772 @!@!@
@!@!@STARTMSG 2221:0 @!@!@
  line 150, col 20 to line 150, col 46 of module macro: 678
@!@!@ENDMSG 2221 @!@!@
@!@!@STARTMSG 2221:0 @!@!@
  |line 150, col 20 to line 150, col 29 of module macro: 674
@!@!@ENDMSG 2221 @!@!@
@!@!@STARTMSG 2221:0 @!@!@
  line 152, col 22 to line 155, col 30 of module macro: 4
@!@!@ENDMSG 2221 @!@!@
@!@!@STARTMSG 2775:0 @!@!@
  |line 152, col 38 to line 155, col 30 of module macro: 4:8
@!@!@ENDMSG 2775 @!@!@
@!@!@STARTMSG 2221:0 @!@!@
  ||line 152, col 45 to line 152, col 51 of module macro: 4
@!@!@ENDMSG 2221 @!@!@
@!@!@STARTMSG 2775:0 @!@!@
  |||line 11, col 1 to line 11, col 22 of module MC: 4:12
@!@!@ENDMSG 2775 @!@!@
@!@!@STARTMSG 2221:0 @!@!@
  line 156, col 20 to line 156, col 41 of module macro: 4
@!@!@ENDMSG 2221 @!@!@
@!@!@STARTMSG 2221:0 @!@!@
  line 157, col 20 to line 157, col 66 of module macro: 4
@!@!@ENDMSG 2221 @!@!@
@!@!@STARTMSG 2221:0 @!@!@
  line 158, col 20 to line 161, col 48 of module macro: 4
@!@!@ENDMSG 2221 @!@!@
@!@!@STARTMSG 2772:0 @!@!@
<SimulationCicle line 163, col 1 to line 163, col 15 of module macro>: 1:200
@!@!@ENDMSG 2772 @!@!@
@!@!@STARTMSG 2221:0 @!@!@
  line 163, col 23 to line 163, col 52 of module macro: 871
@!@!@ENDMSG 2221 @!@!@
@!@!@STARTMSG 2221:0 @!@!@
  |line 163, col 23 to line 163, col 32 of module macro: 671
@!@!@ENDMSG 2221 @!@!@
@!@!@STARTMSG 2221:0 @!@!@
  line 164, col 26 to line 164, col 65 of module macro: 200
@!@!@ENDMSG 2221 @!@!@
@!@!@STARTMSG 2221:0 @!@!@
  line 165, col 31 to line 165, col 75 of module macro: 200
@!@!@ENDMSG 2221 @!@!@
@!@!@STARTMSG 2221:0 @!@!@
  line 166, col 34 to line 166, col 72 of module macro: 0
@!@!@ENDMSG 2221 @!@!@
@!@!@STARTMSG 2221:0 @!@!@
  line 167, col 23 to line 171, col 40 of module macro: 200
@!@!@ENDMSG 2221 @!@!@
@!@!@STARTMSG 2772:0 @!@!@
<ForceReset line 173, col 1 to line 173, col 10 of module macro>: 8:52
@!@!@ENDMSG 2772 @!@!@
@!@!@STARTMSG 2221:0 @!@!@
  line 173, col 18 to line 173, col 42 of module macro: 720
@!@!@ENDMSG 2221 @!@!@
@!@!@STARTMSG 2221:0 @!@!@
  |line 173, col 18 to line 173, col 27 of module macro: 668
@!@!@ENDMSG 2221 @!@!@
@!@!@STARTMSG 2221:0 @!@!@
  line 174, col 18 to line 174, col 59 of module macro: 312
@!@!@ENDMSG 2221 @!@!@
@!@!@STARTMSG 2221:0 @!@!@
  |line 174, col 18 to line 174, col 37 of module macro: 260
@!@!@ENDMSG 2221 @!@!@
@!@!@STARTMSG 2221:0 @!@!@
  |line 174, col 41 to line 174, col 59 of module macro: 260
@!@!@ENDMSG 2221 @!@!@
@!@!@STARTMSG 2221:0 @!@!@
  line 175, col 18 to line 175, col 52 of module macro: 52
@!@!@ENDMSG 2221 @!@!@
@!@!@STARTMSG 2221:0 @!@!@
  line 176, col 18 to line 179, col 80 of module macro: 52
@!@!@ENDMSG 2221 @!@!@
@!@!@STARTMSG 2772:0 @!@!@
<rpb line 181, col 1 to line 181, col 3 of module macro>: 16:58
@!@!@ENDMSG 2772 @!@!@
@!@!@STARTMSG 2221:0 @!@!@
  line 181, col 11 to line 181, col 28 of module macro: 723
@!@!@ENDMSG 2221 @!@!@
@!@!@STARTMSG 2221:0 @!@!@
  |line 181, col 11 to line 181, col 20 of module macro: 665
@!@!@ENDMSG 2221 @!@!@
@!@!@STARTMSG 2221:0 @!@!@
  line 182, col 11 to line 182, col 57 of module macro: 58
@!@!@ENDMSG 2221 @!@!@
@!@!@STARTMSG 2221:0 @!@!@
  line 183, col 11 to line 183, col 45 of module macro: 58
@!@!@ENDMSG 2221 @!@!@
@!@!@STARTMSG 2221:0 @!@!@
  line 184, col 11 to line 186, col 73 of module macro: 58
@!@!@ENDMSG 2221 @!@!@
@!@!@STARTMSG 2772:0 @!@!@
<rpp line 188, col 1 to line 188, col 3 of module macro>: 15:68
@!@!@ENDMSG 2772 @!@!@
@!@!@STARTMSG 2221:0 @!@!@
  line 188, col 11 to line 188, col 28 of module macro: 730
@!@!@ENDMSG 2221 @!@!@
@!@!@STARTMSG 2221:0 @!@!@
  |line 188, col 11 to line 188, col 20 of module macro: 662
@!@!@ENDMSG 2221 @!@!@
@!@!@STARTMSG 2221:0 @!@!@
  line 189, col 11 to line 189, col 58 of module macro: 68
@!@!@ENDMSG 2221 @!@!@
@!@!@STARTMSG 2221:0 @!@!@
  line 190, col 11 to line 190, col 61 of module macro: 68
@!@!@ENDMSG 2221 @!@!@
@!@!@STARTMSG 2221:0 @!@!@
  line 191, col 11 to line 191, col 58 of module macro: 68
@!@!@ENDMSG 2221 @!@!@
@!@!@STARTMSG 2221:0 @!@!@
  line 192, col 11 to line 194, col 73 of module macro: 68
@!@!@ENDMSG 2221 @!@!@
@!@!@STARTMSG 2772:0 @!@!@
<AwaitComputation line 196, col 1 to line 196, col 16 of module macro>: 3:6
@!@!@ENDMSG 2772 @!@!@
@!@!@STARTMSG 2221:0 @!@!@
  line 196, col 24 to line 196, col 54 of module macro: 665
@!@!@ENDMSG 2221 @!@!@
@!@!@STARTMSG 2221:0 @!@!@
  |line 196, col 24 to line 196, col 33 of module macro: 659
@!@!@ENDMSG 2221 @!@!@
@!@!@STARTMSG 2221:0 @!@!@
  line 197, col 24 to line 197, col 69 of module macro: 82
@!@!@ENDMSG 2221 @!@!@
@!@!@STARTMSG 2221:0 @!@!@
  |line 197, col 24 to line 197, col 45 of module macro: 76
@!@!@ENDMSG 2221 @!@!@
@!@!@STARTMSG 2221:0 @!@!@
  |line 197, col 49 to line 197, col 69 of module macro: 76
@!@!@ENDMSG 2221 @!@!@
@!@!@STARTMSG 2221:0 @!@!@
  line 198, col 24 to line 198, col 78 of module macro: 6
@!@!@ENDMSG 2221 @!@!@
@!@!@STARTMSG 2221:0 @!@!@
  line 199, col 24 to line 199, col 67 of module macro: 6
@!@!@ENDMSG 2221 @!@!@
@!@!@STARTMSG 2221:0 @!@!@
  line 200, col 24 to line 203, col 70 of module macro: 6
@!@!@ENDMSG 2221 @!@!@
@!@!@STARTMSG 2772:0 @!@!@
<ProcessLocal line 205, col 1 to line 205, col 12 of module macro>: 3:6
@!@!@ENDMSG 2772 @!@!@
@!@!@STARTMSG 2221:0 @!@!@
  line 205, col 20 to line 205, col 46 of module macro: 662
@!@!@ENDMSG 2221 @!@!@
@!@!@STARTMSG 2221:0 @!@!@
  |line 205, col 20 to line 205, col 29 of module macro: 656
@!@!@ENDMSG 2221 @!@!@
@!@!@STARTMSG 2221:0 @!@!@
  line 206, col 20 to line 206, col 59 of module macro: 6
@!@!@ENDMSG 2221 @!@!@
@!@!@STARTMSG 2221:0 @!@!@
  line 207, col 23 to line 207, col 63 of module macro: 6
@!@!@ENDMSG 2221 @!@!@
@!@!@STARTMSG 2221:0 @!@!@
  line 208, col 31 to line 208, col 82 of module macro: 0
@!@!@ENDMSG 2221 @!@!@
@!@!@STARTMSG 2221:0 @!@!@
  line 209, col 31 to line 209, col 34 of module macro: 6
@!@!@ENDMSG 2221 @!@!@
@!@!@STARTMSG 2221:0 @!@!@
  line 210, col 31 to line 210, col 50 of module macro: 6
@!@!@ENDMSG 2221 @!@!@
@!@!@STARTMSG 2221:0 @!@!@
  line 211, col 20 to line 211, col 87 of module macro: 6
@!@!@ENDMSG 2221 @!@!@
@!@!@STARTMSG 2221:0 @!@!@
  line 212, col 20 to line 212, col 56 of module macro: 6
@!@!@ENDMSG 2221 @!@!@
@!@!@STARTMSG 2221:0 @!@!@
  line 213, col 20 to line 215, col 78 of module macro: 6
@!@!@ENDMSG 2221 @!@!@
@!@!@STARTMSG 2772:0 @!@!@
<OkPos line 217, col 1 to line 217, col 5 of module macro>: 0:0
@!@!@ENDMSG 2772 @!@!@
@!@!@STARTMSG 2221:0 @!@!@
  line 217, col 13 to line 217, col 32 of module macro: 653
@!@!@ENDMSG 2221 @!@!@
@!@!@STARTMSG 2221:0 @!@!@
  line 218, col 13 to line 218, col 50 of module macro: 2
@!@!@ENDMSG 2221 @!@!@
@!@!@STARTMSG 2221:0 @!@!@
  line 219, col 13 to line 219, col 47 of module macro: 0
@!@!@ENDMSG 2221 @!@!@
@!@!@STARTMSG 2221:0 @!@!@
  line 220, col 13 to line 223, col 41 of module macro: 0
@!@!@ENDMSG 2221 @!@!@
@!@!@STARTMSG 2772:0 @!@!@
<rfb line 225, col 1 to line 225, col 3 of module macro>: 0:0
@!@!@ENDMSG 2772 @!@!@
@!@!@STARTMSG 2221:0 @!@!@
  line 225, col 11 to line 225, col 28 of module macro: 653
@!@!@ENDMSG 2221 @!@!@
@!@!@STARTMSG 2221:0 @!@!@
  line 226, col 11 to line 226, col 61 of module macro: 0
@!@!@ENDMSG 2221 @!@!@
@!@!@STARTMSG 2221:0 @!@!@
  line 227, col 11 to line 227, col 45 of module macro: 0
@!@!@ENDMSG 2221 @!@!@
@!@!@STARTMSG 2221:0 @!@!@
  line 228, col 11 to line 230, col 73 of module macro: 0
@!@!@ENDMSG 2221 @!@!@
@!@!@STARTMSG 2772:0 @!@!@
<rfp line 232, col 1 to line 232, col 3 of module macro>: 0:0
@!@!@ENDMSG 2772 @!@!@
@!@!@STARTMSG 2221:0 @!@!@
  line 232, col 11 to line 232, col 28 of module macro: 653
@!@!@ENDMSG 2221 @!@!@
@!@!@STARTMSG 2221:0 @!@!@
  line 233, col 11 to line 233, col 62 of module macro: 0
@!@!@ENDMSG 2221 @!@!@
@!@!@STARTMSG 2221:0 @!@!@
  line 234, col 11 to line 234, col 57 of module macro: 0
@!@!@ENDMSG 2221 @!@!@
@!@!@STARTMSG 2221:0 @!@!@
  line 235, col 11 to line 235, col 57 of module macro: 0
@!@!@ENDMSG 2221 @!@!@
@!@!@STARTMSG 2221:0 @!@!@
  line 236, col 11 to line 238, col 73 of module macro: 0
@!@!@ENDMSG 2221 @!@!@
@!@!@STARTMSG 2772:0 @!@!@
<Process line 240, col 1 to line 240, col 7 of module macro>: 0:0
@!@!@ENDMSG 2772 @!@!@
@!@!@STARTMSG 2221:0 @!@!@
  line 240, col 15 to line 240, col 36 of module macro: 653
@!@!@ENDMSG 2221 @!@!@
@!@!@STARTMSG 2221:0 @!@!@
  line 241, col 15 to line 241, col 48 of module macro: 0
@!@!@ENDMSG 2221 @!@!@
@!@!@STARTMSG 2221:0 @!@!@
  line 242, col 15 to line 242, col 50 of module macro: 0
@!@!@ENDMSG 2221 @!@!@
@!@!@STARTMSG 2221:0 @!@!@
  line 243, col 15 to line 246, col 43 of module macro: 0
@!@!@ENDMSG 2221 @!@!@
@!@!@STARTMSG 2772:0 @!@!@
<WaitToStart line 252, col 1 to line 252, col 17 of module macro>: 21:66
@!@!@ENDMSG 2772 @!@!@
@!@!@STARTMSG 2221:0 @!@!@
  line 252, col 25 to line 252, col 48 of module macro: 1333
@!@!@ENDMSG 2221 @!@!@
@!@!@STARTMSG 2221:0 @!@!@
  |line 252, col 25 to line 252, col 32 of module macro: 1267
@!@!@ENDMSG 2221 @!@!@
@!@!@STARTMSG 2221:0 @!@!@
  line 253, col 25 to line 253, col 45 of module macro: 134
@!@!@ENDMSG 2221 @!@!@
@!@!@STARTMSG 2221:0 @!@!@
  |line 253, col 25 to line 253, col 38 of module macro: 68
@!@!@ENDMSG 2221 @!@!@
@!@!@STARTMSG 2221:0 @!@!@
  |line 253, col 42 to line 253, col 45 of module macro: 68
@!@!@ENDMSG 2221 @!@!@
@!@!@STARTMSG 2221:0 @!@!@
  line 254, col 25 to line 254, col 62 of module macro: 66
@!@!@ENDMSG 2221 @!@!@
@!@!@STARTMSG 2221:0 @!@!@
  line 255, col 25 to line 259, col 53 of module macro: 66
@!@!@ENDMSG 2221 @!@!@
@!@!@STARTMSG 2772:0 @!@!@
<MainLoop line 261, col 1 to line 261, col 14 of module macro>: 30:62
@!@!@ENDMSG 2772 @!@!@
@!@!@STARTMSG 2221:0 @!@!@
  line 261, col 22 to line 261, col 42 of module macro: 1323
@!@!@ENDMSG 2221 @!@!@
@!@!@STARTMSG 2221:0 @!@!@
  |line 261, col 22 to line 261, col 29 of module macro: 1261
@!@!@ENDMSG 2221 @!@!@
@!@!@STARTMSG 2221:0 @!@!@
  line 262, col 25 to line 262, col 52 of module macro: 62
@!@!@ENDMSG 2221 @!@!@
@!@!@STARTMSG 2221:0 @!@!@
  line 263, col 30 to line 263, col 91 of module macro: 62
@!@!@ENDMSG 2221 @!@!@
@!@!@STARTMSG 2221:0 @!@!@
  line 264, col 33 to line 264, col 66 of module macro: 0
@!@!@ENDMSG 2221 @!@!@
@!@!@STARTMSG 2221:0 @!@!@
  line 265, col 22 to line 269, col 39 of module macro: 62
@!@!@ENDMSG 2221 @!@!@
@!@!@STARTMSG 2772:0 @!@!@
<CalculateForceAndAcceleration line 271, col 1 to line 271, col 35 of module macro>: 90:186
@!@!@ENDMSG 2772 @!@!@
@!@!@STARTMSG 2221:0 @!@!@
  line 271, col 43 to line 271, col 84 of module macro: 1441
@!@!@ENDMSG 2221 @!@!@
@!@!@STARTMSG 2221:0 @!@!@
  |line 271, col 43 to line 271, col 50 of module macro: 1255
@!@!@ENDMSG 2221 @!@!@
@!@!@STARTMSG 2221:0 @!@!@
  line 272, col 46 to line 272, col 79 of module macro: 186
@!@!@ENDMSG 2221 @!@!@
@!@!@STARTMSG 2221:0 @!@!@
  line 273, col 54 to line 273, col 99 of module macro: 124
@!@!@ENDMSG 2221 @!@!@
@!@!@STARTMSG 2221:0 @!@!@
  line 274, col 54 to line 275, col 78 of module macro: 124
@!@!@ENDMSG 2221 @!@!@
@!@!@STARTMSG 2221:0 @!@!@
  line 276, col 51 to line 278, col 101 of module macro: 62
@!@!@ENDMSG 2221 @!@!@
@!@!@STARTMSG 2221:0 @!@!@
  line 279, col 43 to line 287, col 78 of module macro: 186
@!@!@ENDMSG 2221 @!@!@
@!@!@STARTMSG 2772:0 @!@!@
<BodyProcessForce line 289, col 1 to line 289, col 22 of module macro>: 66:127
@!@!@ENDMSG 2772 @!@!@
@!@!@STARTMSG 2221:0 @!@!@
  line 289, col 30 to line 289, col 58 of module macro: 1364
@!@!@ENDMSG 2221 @!@!@
@!@!@STARTMSG 2221:0 @!@!@
  |line 289, col 30 to line 289, col 37 of module macro: 1237
@!@!@ENDMSG 2221 @!@!@
@!@!@STARTMSG 2221:0 @!@!@
  line 290, col 30 to line 290, col 95 of module macro: 127
@!@!@ENDMSG 2221 @!@!@
@!@!@STARTMSG 2221:0 @!@!@
  line 291, col 30 to line 291, col 90 of module macro: 127
@!@!@ENDMSG 2221 @!@!@
@!@!@STARTMSG 2221:0 @!@!@
  line 292, col 30 to line 292, col 88 of module macro: 127
@!@!@ENDMSG 2221 @!@!@
@!@!@STARTMSG 2221:0 @!@!@
  line 293, col 30 to line 297, col 77 of module macro: 127
@!@!@ENDMSG 2221 @!@!@
@!@!@STARTMSG 2772:0 @!@!@
<CalculatePositions line 299, col 1 to line 299, col 24 of module macro>: 159:324
@!@!@ENDMSG 2772 @!@!@
@!@!@STARTMSG 2221:0 @!@!@
  line 299, col 32 to line 299, col 62 of module macro: 1549
@!@!@ENDMSG 2221 @!@!@
@!@!@STARTMSG 2221:0 @!@!@
  |line 299, col 32 to line 299, col 39 of module macro: 1225
@!@!@ENDMSG 2221 @!@!@
@!@!@STARTMSG 2221:0 @!@!@
  line 300, col 35 to line 300, col 68 of module macro: 324
@!@!@ENDMSG 2221 @!@!@
@!@!@STARTMSG 2221:0 @!@!@
  line 301, col 43 to line 301, col 86 of module macro: 216
@!@!@ENDMSG 2221 @!@!@
@!@!@STARTMSG 2221:0 @!@!@
  line 302, col 43 to line 302, col 61 of module macro: 216
@!@!@ENDMSG 2221 @!@!@
@!@!@STARTMSG 2221:0 @!@!@
  line 303, col 40 to line 304, col 84 of module macro: 108
@!@!@ENDMSG 2221 @!@!@
@!@!@STARTMSG 2221:0 @!@!@
  line 305, col 32 to line 310, col 49 of module macro: 324
@!@!@ENDMSG 2221 @!@!@
@!@!@STARTMSG 2772:0 @!@!@
<BodyProcessPos line 312, col 1 to line 312, col 20 of module macro>: 103:216
@!@!@ENDMSG 2772 @!@!@
@!@!@STARTMSG 2221:0 @!@!@
  line 312, col 28 to line 312, col 54 of module macro: 1423
@!@!@ENDMSG 2221 @!@!@
@!@!@STARTMSG 2221:0 @!@!@
  |line 312, col 28 to line 312, col 35 of module macro: 1207
@!@!@ENDMSG 2221 @!@!@
@!@!@STARTMSG 2221:0 @!@!@
  line 313, col 28 to line 313, col 93 of module macro: 216
@!@!@ENDMSG 2221 @!@!@
@!@!@STARTMSG 2221:0 @!@!@
  line 314, col 28 to line 314, col 88 of module macro: 216
@!@!@ENDMSG 2221 @!@!@
@!@!@STARTMSG 2221:0 @!@!@
  line 315, col 28 to line 315, col 75 of module macro: 216
@!@!@ENDMSG 2221 @!@!@
@!@!@STARTMSG 2221:0 @!@!@
  line 316, col 28 to line 320, col 75 of module macro: 216
@!@!@ENDMSG 2221 @!@!@
@!@!@STARTMSG 2772:0 @!@!@
<NotifyMaster line 322, col 1 to line 322, col 18 of module macro>: 57:111
@!@!@ENDMSG 2772 @!@!@
@!@!@STARTMSG 2221:0 @!@!@
  line 322, col 26 to line 322, col 50 of module macro: 1306
@!@!@ENDMSG 2221 @!@!@
@!@!@STARTMSG 2221:0 @!@!@
  |line 322, col 26 to line 322, col 33 of module macro: 1195
@!@!@ENDMSG 2221 @!@!@
@!@!@STARTMSG 2221:0 @!@!@
  line 323, col 26 to line 323, col 68 of module macro: 111
@!@!@ENDMSG 2221 @!@!@
@!@!@STARTMSG 2221:0 @!@!@
  line 324, col 26 to line 324, col 54 of module macro: 111
@!@!@ENDMSG 2221 @!@!@
@!@!@STARTMSG 2221:0 @!@!@
  line 325, col 26 to line 325, col 105 of module macro: 111
@!@!@ENDMSG 2221 @!@!@
@!@!@STARTMSG 2221:0 @!@!@
  line 326, col 26 to line 326, col 93 of module macro: 111
@!@!@ENDMSG 2221 @!@!@
@!@!@STARTMSG 2221:0 @!@!@
  line 327, col 26 to line 327, col 74 of module macro: 111
@!@!@ENDMSG 2221 @!@!@
@!@!@STARTMSG 2221:0 @!@!@
  line 328, col 26 to line 331, col 50 of module macro: 111
@!@!@ENDMSG 2221 @!@!@
@!@!@STARTMSG 2772:0 @!@!@
<AwaitPosConsistency line 333, col 1 to line 333, col 25 of module macro>: 0:0
@!@!@ENDMSG 2772 @!@!@
@!@!@STARTMSG 2221:0 @!@!@
  line 333, col 33 to line 333, col 64 of module macro: 1189
@!@!@ENDMSG 2221 @!@!@
@!@!@STARTMSG 2221:0 @!@!@
  line 334, col 33 to line 334, col 54 of module macro: 173
@!@!@ENDMSG 2221 @!@!@
@!@!@STARTMSG 2221:0 @!@!@
  line 335, col 33 to line 335, col 70 of module macro: 0
@!@!@ENDMSG 2221 @!@!@
@!@!@STARTMSG 2221:0 @!@!@
  line 336, col 33 to line 341, col 61 of module macro: 0
@!@!@ENDMSG 2221 @!@!@
@!@!@STARTMSG 2772:0 @!@!@
<Terminating line 350, col 1 to line 350, col 11 of module macro>: 0:0
@!@!@ENDMSG 2772 @!@!@
@!@!@STARTMSG 2221:0 @!@!@
  line 350, col 19 to line 350, col 56 of module macro: 575
@!@!@ENDMSG 2221 @!@!@
@!@!@STARTMSG 2221:0 @!@!@
  line 351, col 19 to line 351, col 32 of module macro: 0
@!@!@ENDMSG 2221 @!@!@
@!@!@STARTMSG 2202:0 @!@!@
End of statistics.
@!@!@ENDMSG 2202 @!@!@
@!@!@STARTMSG 2200:0 @!@!@
Progress(34) at 2022-04-06 15:59:07: 1,369 states generated (45,658 s/min), 574 distinct states found (19,143 ds/min), 1 states left on queue.
@!@!@ENDMSG 2200 @!@!@
@!@!@STARTMSG 2199:0 @!@!@
1369 states generated, 574 distinct states found, 1 states left on queue.
@!@!@ENDMSG 2199 @!@!@
@!@!@STARTMSG 2194:0 @!@!@
The depth of the complete state graph search is 34.
@!@!@ENDMSG 2194 @!@!@
@!@!@STARTMSG 2186:0 @!@!@
Finished in 1805ms at (2022-04-06 15:59:07)
@!@!@ENDMSG 2186 @!@!@
